{"/home/travis/build/npmtest/node-npmtest-react-static-webpack-plugin/test.js":{"path":"/home/travis/build/npmtest/node-npmtest-react-static-webpack-plugin/test.js","s":{"1":2,"2":2,"3":2,"4":2,"5":2,"6":2,"7":2,"8":1,"9":2,"10":2,"11":1,"12":1,"13":1,"14":1,"15":2,"16":2,"17":2,"18":2,"19":1,"20":1,"21":2,"22":2,"23":2,"24":1,"25":1,"26":1,"27":1,"28":1,"29":1,"30":1,"31":1,"32":1,"33":1,"34":1,"35":1,"36":1,"37":1,"38":1,"39":2,"40":2,"41":1,"42":2,"43":2,"44":1,"45":2,"46":2,"47":1,"48":2,"49":2,"50":1,"51":1,"52":1,"53":1,"54":1},"b":{"1":[2,1,1,1],"2":[1,1,1,1],"3":[1,1],"4":[1,1],"5":[1,1],"6":[1,1],"7":[1,1],"8":[1,1],"9":[1,1],"10":[1,1,1],"11":[1,1],"12":[1,1],"13":[1,1],"14":[1,1],"15":[1,1],"16":[1,1],"17":[1,1]},"f":{"1":2,"2":2,"3":2,"4":2,"5":2,"6":1,"7":1,"8":1,"9":2,"10":2,"11":2,"12":2,"13":1},"fnMap":{"1":{"name":"(anonymous_1)","line":12,"loc":{"start":{"line":12,"column":1},"end":{"line":12,"column":13}}},"2":{"name":"(anonymous_2)","line":19,"loc":{"start":{"line":19,"column":5},"end":{"line":19,"column":17}}},"3":{"name":"(anonymous_3)","line":23,"loc":{"start":{"line":23,"column":24},"end":{"line":23,"column":36}}},"4":{"name":"(anonymous_4)","line":61,"loc":{"start":{"line":61,"column":5},"end":{"line":61,"column":17}}},"5":{"name":"(anonymous_5)","line":82,"loc":{"start":{"line":82,"column":5},"end":{"line":82,"column":17}}},"6":{"name":"(anonymous_6)","line":91,"loc":{"start":{"line":91,"column":77},"end":{"line":94,"column":10}}},"7":{"name":"(anonymous_7)","line":112,"loc":{"start":{"line":112,"column":83},"end":{"line":115,"column":10}},"skip":true},"8":{"name":"(anonymous_8)","line":123,"loc":{"start":{"line":123,"column":77},"end":{"line":126,"column":10}},"skip":true},"9":{"name":"(anonymous_9)","line":139,"loc":{"start":{"line":139,"column":12},"end":{"line":139,"column":40}},"skip":true},"10":{"name":"(anonymous_10)","line":147,"loc":{"start":{"line":147,"column":77},"end":{"line":150,"column":10}},"skip":true},"11":{"name":"(anonymous_11)","line":158,"loc":{"start":{"line":158,"column":83},"end":{"line":161,"column":10}},"skip":true},"12":{"name":"(anonymous_12)","line":169,"loc":{"start":{"line":169,"column":79},"end":{"line":172,"column":10}},"skip":true},"13":{"name":"(anonymous_13)","line":180,"loc":{"start":{"line":180,"column":75},"end":{"line":183,"column":10}},"skip":true}},"statementMap":{"1":{"start":{"line":12,"column":0},"end":{"line":195,"column":5}},"2":{"start":{"line":14,"column":4},"end":{"line":14,"column":14}},"3":{"start":{"line":19,"column":4},"end":{"line":56,"column":9}},"4":{"start":{"line":21,"column":8},"end":{"line":21,"column":19}},"5":{"start":{"line":23,"column":8},"end":{"line":35,"column":13}},"6":{"start":{"line":24,"column":12},"end":{"line":34,"column":13}},"7":{"start":{"line":25,"column":16},"end":{"line":28,"column":30}},"8":{"start":{"line":30,"column":16},"end":{"line":33,"column":27}},"9":{"start":{"line":37,"column":8},"end":{"line":39,"column":21}},"10":{"start":{"line":40,"column":8},"end":{"line":53,"column":9}},"11":{"start":{"line":43,"column":12},"end":{"line":46,"column":14}},"12":{"start":{"line":47,"column":12},"end":{"line":47,"column":18}},"13":{"start":{"line":50,"column":12},"end":{"line":51,"column":46}},"14":{"start":{"line":52,"column":12},"end":{"line":52,"column":18}},"15":{"start":{"line":55,"column":8},"end":{"line":55,"column":35}},"16":{"start":{"line":61,"column":4},"end":{"line":63,"column":9}},"17":{"start":{"line":62,"column":8},"end":{"line":62,"column":15}},"18":{"start":{"line":64,"column":4},"end":{"line":77,"column":5}},"19":{"start":{"line":70,"column":8},"end":{"line":70,"column":14}},"20":{"start":{"line":76,"column":8},"end":{"line":76,"column":14}},"21":{"start":{"line":82,"column":4},"end":{"line":84,"column":9}},"22":{"start":{"line":83,"column":8},"end":{"line":83,"column":15}},"23":{"start":{"line":85,"column":4},"end":{"line":194,"column":5}},"24":{"start":{"line":91,"column":8},"end":{"line":99,"column":10}},"25":{"start":{"line":98,"column":12},"end":{"line":98,"column":35}},"26":{"start":{"line":102,"column":8},"end":{"line":104,"column":63}},"27":{"start":{"line":105,"column":8},"end":{"line":105,"column":14}},"28":{"start":{"line":112,"column":8},"end":{"line":121,"column":10},"skip":true},"29":{"start":{"line":119,"column":12},"end":{"line":119,"column":55},"skip":true},"30":{"start":{"line":120,"column":12},"end":{"line":120,"column":48},"skip":true},"31":{"start":{"line":123,"column":8},"end":{"line":136,"column":10},"skip":true},"32":{"start":{"line":130,"column":12},"end":{"line":130,"column":76},"skip":true},"33":{"start":{"line":131,"column":12},"end":{"line":131,"column":73},"skip":true},"34":{"start":{"line":132,"column":12},"end":{"line":132,"column":74},"skip":true},"35":{"start":{"line":133,"column":12},"end":{"line":133,"column":79},"skip":true},"36":{"start":{"line":134,"column":12},"end":{"line":134,"column":25},"skip":true},"37":{"start":{"line":135,"column":12},"end":{"line":135,"column":45},"skip":true},"38":{"start":{"line":138,"column":8},"end":{"line":145,"column":14},"skip":true},"39":{"start":{"line":143,"column":16},"end":{"line":143,"column":29},"skip":true},"40":{"start":{"line":144,"column":16},"end":{"line":144,"column":55},"skip":true},"41":{"start":{"line":147,"column":8},"end":{"line":156,"column":10},"skip":true},"42":{"start":{"line":154,"column":12},"end":{"line":154,"column":25},"skip":true},"43":{"start":{"line":155,"column":12},"end":{"line":155,"column":45},"skip":true},"44":{"start":{"line":158,"column":8},"end":{"line":167,"column":10},"skip":true},"45":{"start":{"line":165,"column":12},"end":{"line":165,"column":25},"skip":true},"46":{"start":{"line":166,"column":12},"end":{"line":166,"column":48},"skip":true},"47":{"start":{"line":169,"column":8},"end":{"line":178,"column":10},"skip":true},"48":{"start":{"line":176,"column":12},"end":{"line":176,"column":25},"skip":true},"49":{"start":{"line":177,"column":12},"end":{"line":177,"column":46},"skip":true},"50":{"start":{"line":180,"column":8},"end":{"line":189,"column":10},"skip":true},"51":{"start":{"line":187,"column":12},"end":{"line":187,"column":94},"skip":true},"52":{"start":{"line":188,"column":12},"end":{"line":188,"column":48},"skip":true},"53":{"start":{"line":192,"column":8},"end":{"line":192,"column":35},"skip":true},"54":{"start":{"line":193,"column":8},"end":{"line":193,"column":14},"skip":true}},"branchMap":{"1":{"line":25,"type":"binary-expr","locations":[{"start":{"line":25,"column":23},"end":{"line":25,"column":62}},{"start":{"line":26,"column":20},"end":{"line":26,"column":70}},{"start":{"line":27,"column":20},"end":{"line":27,"column":71}},{"start":{"line":28,"column":20},"end":{"line":28,"column":29}}]},"2":{"line":30,"type":"binary-expr","locations":[{"start":{"line":30,"column":23},"end":{"line":30,"column":37}},{"start":{"line":31,"column":20},"end":{"line":31,"column":61}},{"start":{"line":32,"column":20},"end":{"line":32,"column":70}},{"start":{"line":33,"column":20},"end":{"line":33,"column":26}}]},"3":{"line":37,"type":"cond-expr","locations":[{"start":{"line":38,"column":14},"end":{"line":38,"column":20}},{"start":{"line":39,"column":14},"end":{"line":39,"column":20}}]},"4":{"line":40,"type":"switch","locations":[{"start":{"line":42,"column":8},"end":{"line":47,"column":18}},{"start":{"line":49,"column":8},"end":{"line":52,"column":18}}]},"5":{"line":44,"type":"binary-expr","locations":[{"start":{"line":44,"column":16},"end":{"line":44,"column":44}},{"start":{"line":44,"column":48},"end":{"line":44,"column":66}}]},"6":{"line":50,"type":"binary-expr","locations":[{"start":{"line":50,"column":21},"end":{"line":50,"column":49}},{"start":{"line":50,"column":53},"end":{"line":50,"column":72}}]},"7":{"line":64,"type":"switch","locations":[{"start":{"line":69,"column":4},"end":{"line":70,"column":14}},{"start":{"line":75,"column":4},"end":{"line":76,"column":14}}]},"8":{"line":85,"type":"switch","locations":[{"start":{"line":90,"column":4},"end":{"line":105,"column":14}},{"start":{"line":111,"column":4},"end":{"line":193,"column":14},"skip":true}]},"9":{"line":91,"type":"binary-expr","locations":[{"start":{"line":91,"column":42},"end":{"line":91,"column":73}},{"start":{"line":91,"column":77},"end":{"line":99,"column":9}}]},"10":{"line":102,"type":"binary-expr","locations":[{"start":{"line":102,"column":18},"end":{"line":102,"column":32}},{"start":{"line":103,"column":12},"end":{"line":103,"column":53}},{"start":{"line":104,"column":12},"end":{"line":104,"column":61}}]},"11":{"line":112,"type":"binary-expr","locations":[{"start":{"line":112,"column":45},"end":{"line":112,"column":79},"skip":true},{"start":{"line":112,"column":83},"end":{"line":121,"column":9},"skip":true}]},"12":{"line":123,"type":"binary-expr","locations":[{"start":{"line":123,"column":42},"end":{"line":123,"column":73},"skip":true},{"start":{"line":123,"column":77},"end":{"line":136,"column":9},"skip":true}]},"13":{"line":138,"type":"binary-expr","locations":[{"start":{"line":138,"column":48},"end":{"line":138,"column":85},"skip":true},{"start":{"line":139,"column":12},"end":{"line":145,"column":13},"skip":true}]},"14":{"line":147,"type":"binary-expr","locations":[{"start":{"line":147,"column":42},"end":{"line":147,"column":73},"skip":true},{"start":{"line":147,"column":77},"end":{"line":156,"column":9},"skip":true}]},"15":{"line":158,"type":"binary-expr","locations":[{"start":{"line":158,"column":45},"end":{"line":158,"column":79},"skip":true},{"start":{"line":158,"column":83},"end":{"line":167,"column":9},"skip":true}]},"16":{"line":169,"type":"binary-expr","locations":[{"start":{"line":169,"column":43},"end":{"line":169,"column":75},"skip":true},{"start":{"line":169,"column":79},"end":{"line":178,"column":9},"skip":true}]},"17":{"line":180,"type":"binary-expr","locations":[{"start":{"line":180,"column":41},"end":{"line":180,"column":71},"skip":true},{"start":{"line":180,"column":75},"end":{"line":189,"column":9},"skip":true}]}},"code":["/* istanbul instrument in package npmtest_react_static_webpack_plugin */","/*jslint","    bitwise: true,","    browser: true,","    maxerr: 8,","    maxlen: 96,","    node: true,","    nomen: true,","    regexp: true,","    stupid: true","*/","(function () {","    'use strict';","    var local;","","","","    // run shared js-env code - pre-init","    (function () {","        // init local","        local = {};","        // init modeJs","        local.modeJs = (function () {","            try {","                return typeof navigator.userAgent === 'string' &&","                    typeof document.querySelector('body') === 'object' &&","                    typeof XMLHttpRequest.prototype.open === 'function' &&","                    'browser';","            } catch (errorCaughtBrowser) {","                return module.exports &&","                    typeof process.versions.node === 'string' &&","                    typeof require('http').createServer === 'function' &&","                    'node';","            }","        }());","        // init global","        local.global = local.modeJs === 'browser'","            ? window","            : global;","        switch (local.modeJs) {","        // re-init local from window.local","        case 'browser':","            local = local.global.utility2.objectSetDefault(","                local.global.utility2_rollup || local.global.local,","                local.global.utility2","            );","            break;","        // re-init local from example.js","        case 'node':","            local = (local.global.utility2_rollup || require('utility2'))","                .requireExampleJsFromReadme();","            break;","        }","        // export local","        local.global.local = local;","    }());","","","","    // run shared js-env code - function","    (function () {","        return;","    }());","    switch (local.modeJs) {","","","","    // run browser js-env code - function","    case 'browser':","        break;","","","","    // run node js-env code - function","    case 'node':","        break;","    }","","","","    // run shared js-env code - post-init","    (function () {","        return;","    }());","    switch (local.modeJs) {","","","","    // run browser js-env code - post-init","    case 'browser':","        local.testCase_browser_nullCase = local.testCase_browser_nullCase || function (","            options,","            onError","        ) {","        /*","         * this function will test browsers's null-case handling-behavior-behavior","         */","            onError(null, options);","        };","","        // run tests","        local.nop(local.modeTest &&","            document.querySelector('#testRunButton1') &&","            document.querySelector('#testRunButton1').click());","        break;","","","","    // run node js-env code - post-init","    /* istanbul ignore next */","    case 'node':","        local.testCase_buildApidoc_default = local.testCase_buildApidoc_default || function (","            options,","            onError","        ) {","        /*","         * this function will test buildApidoc's default handling-behavior-behavior","         */","            options = { modulePathList: module.paths };","            local.buildApidoc(options, onError);","        };","","        local.testCase_buildApp_default = local.testCase_buildApp_default || function (","            options,","            onError","        ) {","        /*","         * this function will test buildApp's default handling-behavior-behavior","         */","            local.testCase_buildReadme_default(options, local.onErrorThrow);","            local.testCase_buildLib_default(options, local.onErrorThrow);","            local.testCase_buildTest_default(options, local.onErrorThrow);","            local.testCase_buildCustomOrg_default(options, local.onErrorThrow);","            options = [];","            local.buildApp(options, onError);","        };","","        local.testCase_buildCustomOrg_default = local.testCase_buildCustomOrg_default ||","            function (options, onError) {","            /*","             * this function will test buildCustomOrg's default handling-behavior","             */","                options = {};","                local.buildCustomOrg(options, onError);","            };","","        local.testCase_buildLib_default = local.testCase_buildLib_default || function (","            options,","            onError","        ) {","        /*","         * this function will test buildLib's default handling-behavior","         */","            options = {};","            local.buildLib(options, onError);","        };","","        local.testCase_buildReadme_default = local.testCase_buildReadme_default || function (","            options,","            onError","        ) {","        /*","         * this function will test buildReadme's default handling-behavior-behavior","         */","            options = {};","            local.buildReadme(options, onError);","        };","","        local.testCase_buildTest_default = local.testCase_buildTest_default || function (","            options,","            onError","        ) {","        /*","         * this function will test buildTest's default handling-behavior","         */","            options = {};","            local.buildTest(options, onError);","        };","","        local.testCase_webpage_default = local.testCase_webpage_default || function (","            options,","            onError","        ) {","        /*","         * this function will test webpage's default handling-behavior","         */","            options = { modeCoverageMerge: true, url: local.serverLocalHost + '?modeTest=1' };","            local.browserTest(options, onError);","        };","","        // run test-server","        local.testRunServer(local);","        break;","    }","}());",""],"l":{"12":2,"14":2,"19":2,"21":2,"23":2,"24":2,"25":2,"30":1,"37":2,"40":2,"43":1,"47":1,"50":1,"52":1,"55":2,"61":2,"62":2,"64":2,"70":1,"76":1,"82":2,"83":2,"85":2,"91":1,"98":1,"102":1,"105":1,"112":1,"119":1,"120":1,"123":1,"130":1,"131":1,"132":1,"133":1,"134":1,"135":1,"138":1,"143":2,"144":2,"147":1,"154":2,"155":2,"158":1,"165":2,"166":2,"169":1,"176":2,"177":2,"180":1,"187":1,"188":1,"192":1,"193":1}},"/home/travis/build/npmtest/node-npmtest-react-static-webpack-plugin/lib.npmtest_react_static_webpack_plugin.js":{"path":"/home/travis/build/npmtest/node-npmtest-react-static-webpack-plugin/lib.npmtest_react_static_webpack_plugin.js","s":{"1":2,"2":2,"3":2,"4":2,"5":2,"6":2,"7":2,"8":1,"9":2,"10":2,"11":2,"12":2,"13":1,"14":1,"15":1,"16":1},"b":{"1":[2,1,1,1],"2":[1,1,1,1],"3":[1,1],"4":[2,2],"5":[1,1]},"f":{"1":2,"2":2,"3":2},"fnMap":{"1":{"name":"(anonymous_1)","line":12,"loc":{"start":{"line":12,"column":1},"end":{"line":12,"column":13}}},"2":{"name":"(anonymous_2)","line":19,"loc":{"start":{"line":19,"column":5},"end":{"line":19,"column":17}}},"3":{"name":"(anonymous_3)","line":23,"loc":{"start":{"line":23,"column":24},"end":{"line":23,"column":36}}}},"statementMap":{"1":{"start":{"line":12,"column":0},"end":{"line":53,"column":5}},"2":{"start":{"line":14,"column":4},"end":{"line":14,"column":14}},"3":{"start":{"line":19,"column":4},"end":{"line":52,"column":9}},"4":{"start":{"line":21,"column":8},"end":{"line":21,"column":19}},"5":{"start":{"line":23,"column":8},"end":{"line":35,"column":13}},"6":{"start":{"line":24,"column":12},"end":{"line":34,"column":13}},"7":{"start":{"line":25,"column":16},"end":{"line":28,"column":30}},"8":{"start":{"line":30,"column":16},"end":{"line":33,"column":27}},"9":{"start":{"line":37,"column":8},"end":{"line":39,"column":21}},"10":{"start":{"line":41,"column":8},"end":{"line":41,"column":54}},"11":{"start":{"line":43,"column":8},"end":{"line":43,"column":72}},"12":{"start":{"line":45,"column":8},"end":{"line":51,"column":9}},"13":{"start":{"line":46,"column":12},"end":{"line":46,"column":78}},"14":{"start":{"line":48,"column":12},"end":{"line":48,"column":35}},"15":{"start":{"line":49,"column":12},"end":{"line":49,"column":49}},"16":{"start":{"line":50,"column":12},"end":{"line":50,"column":43}}},"branchMap":{"1":{"line":25,"type":"binary-expr","locations":[{"start":{"line":25,"column":23},"end":{"line":25,"column":62}},{"start":{"line":26,"column":20},"end":{"line":26,"column":70}},{"start":{"line":27,"column":20},"end":{"line":27,"column":71}},{"start":{"line":28,"column":20},"end":{"line":28,"column":29}}]},"2":{"line":30,"type":"binary-expr","locations":[{"start":{"line":30,"column":23},"end":{"line":30,"column":37}},{"start":{"line":31,"column":20},"end":{"line":31,"column":61}},{"start":{"line":32,"column":20},"end":{"line":32,"column":70}},{"start":{"line":33,"column":20},"end":{"line":33,"column":26}}]},"3":{"line":37,"type":"cond-expr","locations":[{"start":{"line":38,"column":14},"end":{"line":38,"column":20}},{"start":{"line":39,"column":14},"end":{"line":39,"column":20}}]},"4":{"line":41,"type":"binary-expr","locations":[{"start":{"line":41,"column":16},"end":{"line":41,"column":44}},{"start":{"line":41,"column":48},"end":{"line":41,"column":53}}]},"5":{"line":45,"type":"if","locations":[{"start":{"line":45,"column":8},"end":{"line":45,"column":8}},{"start":{"line":45,"column":8},"end":{"line":45,"column":8}}]}},"code":["/* istanbul instrument in package npmtest_react_static_webpack_plugin */","/*jslint","    bitwise: true,","    browser: true,","    maxerr: 8,","    maxlen: 96,","    node: true,","    nomen: true,","    regexp: true,","    stupid: true","*/","(function () {","    'use strict';","    var local;","","","","    // run shared js-env code - pre-init","    (function () {","        // init local","        local = {};","        // init modeJs","        local.modeJs = (function () {","            try {","                return typeof navigator.userAgent === 'string' &&","                    typeof document.querySelector('body') === 'object' &&","                    typeof XMLHttpRequest.prototype.open === 'function' &&","                    'browser';","            } catch (errorCaughtBrowser) {","                return module.exports &&","                    typeof process.versions.node === 'string' &&","                    typeof require('http').createServer === 'function' &&","                    'node';","            }","        }());","        // init global","        local.global = local.modeJs === 'browser'","            ? window","            : global;","        // init utility2_rollup","        local = local.global.utility2_rollup || local;","        // init lib","        local.local = local.npmtest_react_static_webpack_plugin = local;","        // init exports","        if (local.modeJs === 'browser') {","            local.global.utility2_npmtest_react_static_webpack_plugin = local;","        } else {","            module.exports = local;","            module.exports.__dirname = __dirname;","            module.exports.module = module;","        }","    }());","}());",""],"l":{"12":2,"14":2,"19":2,"21":2,"23":2,"24":2,"25":2,"30":1,"37":2,"41":2,"43":2,"45":2,"46":1,"48":1,"49":1,"50":1}},"/home/travis/build/npmtest/node-npmtest-react-static-webpack-plugin/example.js":{"path":"/home/travis/build/npmtest/node-npmtest-react-static-webpack-plugin/example.js","s":{"1":2,"2":2,"3":2,"4":2,"5":2,"6":2,"7":2,"8":1,"9":2,"10":2,"11":2,"12":2,"13":1,"14":2,"15":2,"16":2,"17":2,"18":2,"19":0,"20":2,"21":1,"22":1,"23":1,"24":1,"25":1,"26":0,"27":0,"28":1,"29":1,"30":2,"31":0,"32":0,"33":0,"34":1,"35":2,"36":2,"37":3,"38":3,"39":3,"40":3,"41":0,"42":3,"43":3,"44":3,"45":1,"46":3,"47":1,"48":1,"49":1,"50":1,"51":1,"52":1,"53":1,"54":1,"55":1,"56":1,"57":0,"58":1,"59":6,"60":6,"61":1,"62":2,"63":0,"64":2,"65":1,"66":1,"67":0,"68":0,"69":0,"70":0,"71":0,"72":0,"73":0,"74":0,"75":0,"76":0,"77":0,"78":0,"79":0,"80":0,"81":0,"82":0,"83":0},"b":{"1":[2,1,1,1],"2":[1,1,1,1],"3":[1,1],"4":[2,2],"5":[1,1],"6":[1,1],"7":[2,0],"8":[2,1,1,1,1,1],"9":[0,2,0],"10":[1,1],"11":[2,1,1],"12":[1,0],"13":[0,2],"14":[2,0,0,0,0,0,0],"15":[0,3],"16":[3,0],"17":[1,1],"18":[0,1],"19":[1,2,0,2],"20":[1,0],"21":[1,1],"22":[0,0],"23":[0,0],"24":[0,0],"25":[0,0],"26":[0,0],"27":[0,0],"28":[0,0]},"f":{"1":2,"2":2,"3":2,"4":2,"5":2,"6":2,"7":3,"8":3,"9":3,"10":1,"11":6,"12":0},"fnMap":{"1":{"name":"(anonymous_1)","line":26,"loc":{"start":{"line":26,"column":1},"end":{"line":26,"column":13}}},"2":{"name":"(anonymous_2)","line":33,"loc":{"start":{"line":33,"column":5},"end":{"line":33,"column":17}}},"3":{"name":"(anonymous_3)","line":37,"loc":{"start":{"line":37,"column":24},"end":{"line":37,"column":36}}},"4":{"name":"(anonymous_4)","line":69,"loc":{"start":{"line":69,"column":31},"end":{"line":69,"column":48}},"skip":true},"5":{"name":"(anonymous_5)","line":78,"loc":{"start":{"line":78,"column":26},"end":{"line":78,"column":45}},"skip":true},"6":{"name":"(anonymous_6)","line":123,"loc":{"start":{"line":123,"column":33},"end":{"line":123,"column":48}},"skip":true},"7":{"name":"(anonymous_7)","line":125,"loc":{"start":{"line":125,"column":27},"end":{"line":125,"column":39}},"skip":true},"8":{"name":"(anonymous_8)","line":133,"loc":{"start":{"line":133,"column":59},"end":{"line":133,"column":74}},"skip":true},"9":{"name":"(anonymous_9)","line":143,"loc":{"start":{"line":143,"column":45},"end":{"line":143,"column":62}},"skip":true},"10":{"name":"(anonymous_10)","line":144,"loc":{"start":{"line":144,"column":73},"end":{"line":144,"column":92}},"skip":true},"11":{"name":"(anonymous_11)","line":272,"loc":{"start":{"line":272,"column":51},"end":{"line":272,"column":77}},"skip":true},"12":{"name":"(anonymous_12)","line":315,"loc":{"start":{"line":315,"column":32},"end":{"line":315,"column":61}},"skip":true}},"statementMap":{"1":{"start":{"line":26,"column":0},"end":{"line":326,"column":5}},"2":{"start":{"line":28,"column":4},"end":{"line":28,"column":14}},"3":{"start":{"line":33,"column":4},"end":{"line":60,"column":9}},"4":{"start":{"line":35,"column":8},"end":{"line":35,"column":19}},"5":{"start":{"line":37,"column":8},"end":{"line":49,"column":13}},"6":{"start":{"line":38,"column":12},"end":{"line":48,"column":13}},"7":{"start":{"line":39,"column":16},"end":{"line":42,"column":30}},"8":{"start":{"line":44,"column":16},"end":{"line":47,"column":27}},"9":{"start":{"line":51,"column":8},"end":{"line":53,"column":21}},"10":{"start":{"line":55,"column":8},"end":{"line":57,"column":45}},"11":{"start":{"line":59,"column":8},"end":{"line":59,"column":35}},"12":{"start":{"line":61,"column":4},"end":{"line":325,"column":5}},"13":{"start":{"line":69,"column":8},"end":{"line":121,"column":10},"skip":true},"14":{"start":{"line":70,"column":12},"end":{"line":88,"column":13},"skip":true},"15":{"start":{"line":76,"column":16},"end":{"line":87,"column":19},"skip":true},"16":{"start":{"line":79,"column":20},"end":{"line":86,"column":21},"skip":true},"17":{"start":{"line":82,"column":24},"end":{"line":82,"column":43},"skip":true},"18":{"start":{"line":83,"column":24},"end":{"line":83,"column":30},"skip":true},"19":{"start":{"line":85,"column":24},"end":{"line":85,"column":49},"skip":true},"20":{"start":{"line":89,"column":12},"end":{"line":107,"column":13},"skip":true},"21":{"start":{"line":92,"column":16},"end":{"line":102,"column":17},"skip":true},"22":{"start":{"line":93,"column":20},"end":{"line":93,"column":86},"skip":true},"23":{"start":{"line":94,"column":20},"end":{"line":95,"column":45},"skip":true},"24":{"start":{"line":96,"column":20},"end":{"line":96,"column":42},"skip":true},"25":{"start":{"line":97,"column":20},"end":{"line":97,"column":48},"skip":true},"26":{"start":{"line":100,"column":20},"end":{"line":100,"column":85},"skip":true},"27":{"start":{"line":101,"column":20},"end":{"line":101,"column":96},"skip":true},"28":{"start":{"line":103,"column":16},"end":{"line":103,"column":22},"skip":true},"29":{"start":{"line":106,"column":16},"end":{"line":106,"column":22},"skip":true},"30":{"start":{"line":108,"column":12},"end":{"line":120,"column":13},"skip":true},"31":{"start":{"line":114,"column":16},"end":{"line":119,"column":17},"skip":true},"32":{"start":{"line":116,"column":20},"end":{"line":116,"column":78},"skip":true},"33":{"start":{"line":118,"column":20},"end":{"line":118,"column":47},"skip":true},"34":{"start":{"line":123,"column":8},"end":{"line":141,"column":11},"skip":true},"35":{"start":{"line":124,"column":12},"end":{"line":124,"column":54},"skip":true},"36":{"start":{"line":125,"column":12},"end":{"line":140,"column":14},"skip":true},"37":{"start":{"line":126,"column":16},"end":{"line":126,"column":28},"skip":true},"38":{"start":{"line":127,"column":16},"end":{"line":127,"column":69},"skip":true},"39":{"start":{"line":128,"column":16},"end":{"line":128,"column":75},"skip":true},"40":{"start":{"line":129,"column":16},"end":{"line":131,"column":17},"skip":true},"41":{"start":{"line":130,"column":20},"end":{"line":130,"column":27},"skip":true},"42":{"start":{"line":133,"column":16},"end":{"line":137,"column":36},"skip":true},"43":{"start":{"line":134,"column":20},"end":{"line":136,"column":55},"skip":true},"44":{"start":{"line":139,"column":16},"end":{"line":139,"column":57},"skip":true},"45":{"start":{"line":143,"column":8},"end":{"line":147,"column":11},"skip":true},"46":{"start":{"line":144,"column":12},"end":{"line":146,"column":15},"skip":true},"47":{"start":{"line":145,"column":16},"end":{"line":145,"column":70},"skip":true},"48":{"start":{"line":149,"column":8},"end":{"line":149,"column":31},"skip":true},"49":{"start":{"line":150,"column":8},"end":{"line":150,"column":14},"skip":true},"50":{"start":{"line":158,"column":8},"end":{"line":158,"column":31},"skip":true},"51":{"start":{"line":160,"column":8},"end":{"line":160,"column":33},"skip":true},"52":{"start":{"line":161,"column":8},"end":{"line":161,"column":37},"skip":true},"53":{"start":{"line":162,"column":8},"end":{"line":162,"column":35},"skip":true},"54":{"start":{"line":164,"column":8},"end":{"line":164,"column":50},"skip":true},"55":{"start":{"line":166,"column":8},"end":{"line":256,"column":2},"skip":true},"56":{"start":{"line":258,"column":8},"end":{"line":286,"column":9},"skip":true},"57":{"start":{"line":259,"column":12},"end":{"line":269,"column":14},"skip":true},"58":{"start":{"line":271,"column":12},"end":{"line":285,"column":19},"skip":true},"59":{"start":{"line":274,"column":20},"end":{"line":274,"column":35},"skip":true},"60":{"start":{"line":275,"column":20},"end":{"line":284,"column":21},"skip":true},"61":{"start":{"line":277,"column":24},"end":{"line":277,"column":64},"skip":true},"62":{"start":{"line":279,"column":24},"end":{"line":279,"column":40},"skip":true},"63":{"start":{"line":281,"column":24},"end":{"line":281,"column":40},"skip":true},"64":{"start":{"line":283,"column":24},"end":{"line":283,"column":39},"skip":true},"65":{"start":{"line":288,"column":8},"end":{"line":290,"column":9},"skip":true},"66":{"start":{"line":289,"column":12},"end":{"line":289,"column":18},"skip":true},"67":{"start":{"line":291,"column":8},"end":{"line":293,"column":54},"skip":true},"68":{"start":{"line":296,"column":8},"end":{"line":301,"column":37},"skip":true},"69":{"start":{"line":303,"column":8},"end":{"line":303,"column":82},"skip":true},"70":{"start":{"line":306,"column":8},"end":{"line":308,"column":9},"skip":true},"71":{"start":{"line":307,"column":12},"end":{"line":307,"column":82},"skip":true},"72":{"start":{"line":310,"column":8},"end":{"line":312,"column":9},"skip":true},"73":{"start":{"line":311,"column":12},"end":{"line":311,"column":18},"skip":true},"74":{"start":{"line":313,"column":8},"end":{"line":313,"column":54},"skip":true},"75":{"start":{"line":314,"column":8},"end":{"line":314,"column":69},"skip":true},"76":{"start":{"line":315,"column":8},"end":{"line":323,"column":36},"skip":true},"77":{"start":{"line":316,"column":12},"end":{"line":316,"column":61},"skip":true},"78":{"start":{"line":317,"column":12},"end":{"line":320,"column":13},"skip":true},"79":{"start":{"line":318,"column":16},"end":{"line":318,"column":75},"skip":true},"80":{"start":{"line":319,"column":16},"end":{"line":319,"column":23},"skip":true},"81":{"start":{"line":321,"column":12},"end":{"line":321,"column":38},"skip":true},"82":{"start":{"line":322,"column":12},"end":{"line":322,"column":27},"skip":true},"83":{"start":{"line":324,"column":8},"end":{"line":324,"column":14},"skip":true}},"branchMap":{"1":{"line":39,"type":"binary-expr","locations":[{"start":{"line":39,"column":23},"end":{"line":39,"column":62}},{"start":{"line":40,"column":20},"end":{"line":40,"column":70}},{"start":{"line":41,"column":20},"end":{"line":41,"column":71}},{"start":{"line":42,"column":20},"end":{"line":42,"column":29}}]},"2":{"line":44,"type":"binary-expr","locations":[{"start":{"line":44,"column":23},"end":{"line":44,"column":37}},{"start":{"line":45,"column":20},"end":{"line":45,"column":61}},{"start":{"line":46,"column":20},"end":{"line":46,"column":70}},{"start":{"line":47,"column":20},"end":{"line":47,"column":26}}]},"3":{"line":51,"type":"cond-expr","locations":[{"start":{"line":52,"column":14},"end":{"line":52,"column":20}},{"start":{"line":53,"column":14},"end":{"line":53,"column":20}}]},"4":{"line":55,"type":"binary-expr","locations":[{"start":{"line":55,"column":16},"end":{"line":55,"column":44}},{"start":{"line":55,"column":49},"end":{"line":57,"column":43}}]},"5":{"line":55,"type":"cond-expr","locations":[{"start":{"line":56,"column":14},"end":{"line":56,"column":71}},{"start":{"line":57,"column":14},"end":{"line":57,"column":43}}]},"6":{"line":61,"type":"switch","locations":[{"start":{"line":68,"column":4},"end":{"line":150,"column":14},"skip":true},{"start":{"line":156,"column":4},"end":{"line":324,"column":14},"skip":true}]},"7":{"line":70,"type":"if","locations":[{"start":{"line":70,"column":12},"end":{"line":70,"column":12},"skip":true},{"start":{"line":70,"column":12},"end":{"line":70,"column":12},"skip":true}]},"8":{"line":70,"type":"binary-expr","locations":[{"start":{"line":70,"column":16},"end":{"line":70,"column":22},"skip":true},{"start":{"line":70,"column":27},"end":{"line":70,"column":32},"skip":true},{"start":{"line":71,"column":20},"end":{"line":71,"column":39},"skip":true},{"start":{"line":72,"column":20},"end":{"line":72,"column":49},"skip":true},{"start":{"line":73,"column":20},"end":{"line":73,"column":58},"skip":true},{"start":{"line":74,"column":20},"end":{"line":74,"column":69},"skip":true}]},"9":{"line":79,"type":"switch","locations":[{"start":{"line":80,"column":20},"end":{"line":80,"column":33},"skip":true},{"start":{"line":81,"column":20},"end":{"line":83,"column":30},"skip":true},{"start":{"line":84,"column":20},"end":{"line":85,"column":49},"skip":true}]},"10":{"line":89,"type":"switch","locations":[{"start":{"line":90,"column":12},"end":{"line":103,"column":22},"skip":true},{"start":{"line":105,"column":12},"end":{"line":106,"column":22},"skip":true}]},"11":{"line":89,"type":"binary-expr","locations":[{"start":{"line":89,"column":20},"end":{"line":89,"column":25},"skip":true},{"start":{"line":89,"column":29},"end":{"line":89,"column":48},"skip":true},{"start":{"line":89,"column":52},"end":{"line":89,"column":74},"skip":true}]},"12":{"line":92,"type":"if","locations":[{"start":{"line":92,"column":16},"end":{"line":92,"column":16},"skip":true},{"start":{"line":92,"column":16},"end":{"line":92,"column":16},"skip":true}]},"13":{"line":108,"type":"if","locations":[{"start":{"line":108,"column":12},"end":{"line":108,"column":12},"skip":true},{"start":{"line":108,"column":12},"end":{"line":108,"column":12},"skip":true}]},"14":{"line":108,"type":"binary-expr","locations":[{"start":{"line":108,"column":16},"end":{"line":108,"column":61},"skip":true},{"start":{"line":108,"column":66},"end":{"line":108,"column":72},"skip":true},{"start":{"line":108,"column":77},"end":{"line":108,"column":82},"skip":true},{"start":{"line":109,"column":20},"end":{"line":109,"column":39},"skip":true},{"start":{"line":110,"column":20},"end":{"line":110,"column":49},"skip":true},{"start":{"line":111,"column":20},"end":{"line":111,"column":58},"skip":true},{"start":{"line":112,"column":20},"end":{"line":112,"column":68},"skip":true}]},"15":{"line":129,"type":"if","locations":[{"start":{"line":129,"column":16},"end":{"line":129,"column":16},"skip":true},{"start":{"line":129,"column":16},"end":{"line":129,"column":16},"skip":true}]},"16":{"line":134,"type":"cond-expr","locations":[{"start":{"line":135,"column":26},"end":{"line":135,"column":29},"skip":true},{"start":{"line":136,"column":26},"end":{"line":136,"column":54},"skip":true}]},"17":{"line":164,"type":"binary-expr","locations":[{"start":{"line":164,"column":27},"end":{"line":164,"column":43},"skip":true},{"start":{"line":164,"column":47},"end":{"line":164,"column":49},"skip":true}]},"18":{"line":258,"type":"if","locations":[{"start":{"line":258,"column":8},"end":{"line":258,"column":8},"skip":true},{"start":{"line":258,"column":8},"end":{"line":258,"column":8},"skip":true}]},"19":{"line":275,"type":"switch","locations":[{"start":{"line":276,"column":20},"end":{"line":277,"column":64},"skip":true},{"start":{"line":278,"column":20},"end":{"line":279,"column":40},"skip":true},{"start":{"line":280,"column":20},"end":{"line":281,"column":40},"skip":true},{"start":{"line":282,"column":20},"end":{"line":283,"column":39},"skip":true}]},"20":{"line":288,"type":"if","locations":[{"start":{"line":288,"column":8},"end":{"line":288,"column":8},"skip":true},{"start":{"line":288,"column":8},"end":{"line":288,"column":8},"skip":true}]},"21":{"line":288,"type":"binary-expr","locations":[{"start":{"line":288,"column":12},"end":{"line":288,"column":40},"skip":true},{"start":{"line":288,"column":44},"end":{"line":288,"column":67},"skip":true}]},"22":{"line":292,"type":"binary-expr","locations":[{"start":{"line":292,"column":12},"end":{"line":292,"column":50},"skip":true},{"start":{"line":293,"column":12},"end":{"line":293,"column":53},"skip":true}]},"23":{"line":297,"type":"binary-expr","locations":[{"start":{"line":297,"column":12},"end":{"line":297,"column":85},"skip":true},{"start":{"line":298,"column":12},"end":{"line":301,"column":36},"skip":true}]},"24":{"line":303,"type":"binary-expr","locations":[{"start":{"line":303,"column":43},"end":{"line":303,"column":75},"skip":true},{"start":{"line":303,"column":79},"end":{"line":303,"column":81},"skip":true}]},"25":{"line":306,"type":"if","locations":[{"start":{"line":306,"column":8},"end":{"line":306,"column":8},"skip":true},{"start":{"line":306,"column":8},"end":{"line":306,"column":8},"skip":true}]},"26":{"line":310,"type":"if","locations":[{"start":{"line":310,"column":8},"end":{"line":310,"column":8},"skip":true},{"start":{"line":310,"column":8},"end":{"line":310,"column":8},"skip":true}]},"27":{"line":313,"type":"binary-expr","locations":[{"start":{"line":313,"column":27},"end":{"line":313,"column":43},"skip":true},{"start":{"line":313,"column":47},"end":{"line":313,"column":53},"skip":true}]},"28":{"line":317,"type":"if","locations":[{"start":{"line":317,"column":12},"end":{"line":317,"column":12},"skip":true},{"start":{"line":317,"column":12},"end":{"line":317,"column":12},"skip":true}]}},"code":["/*","example.js","","quickstart example","","instruction","    1. save this script as example.js","    2. run the shell command:","        $ npm install npmtest-react-static-webpack-plugin && PORT=8081 node example.js","    3. play with the browser-demo on http://127.0.0.1:8081","*/","","","","/* istanbul instrument in package npmtest_react_static_webpack_plugin */","/*jslint","    bitwise: true,","    browser: true,","    maxerr: 8,","    maxlen: 96,","    node: true,","    nomen: true,","    regexp: true,","    stupid: true","*/","(function () {","    'use strict';","    var local;","","","","    // run shared js-env code - pre-init","    (function () {","        // init local","        local = {};","        // init modeJs","        local.modeJs = (function () {","            try {","                return typeof navigator.userAgent === 'string' &&","                    typeof document.querySelector('body') === 'object' &&","                    typeof XMLHttpRequest.prototype.open === 'function' &&","                    'browser';","            } catch (errorCaughtBrowser) {","                return module.exports &&","                    typeof process.versions.node === 'string' &&","                    typeof require('http').createServer === 'function' &&","                    'node';","            }","        }());","        // init global","        local.global = local.modeJs === 'browser'","            ? window","            : global;","        // init utility2_rollup","        local = local.global.utility2_rollup || (local.modeJs === 'browser'","            ? local.global.utility2_npmtest_react_static_webpack_plugin","            : global.utility2_moduleExports);","        // export local","        local.global.local = local;","    }());","    switch (local.modeJs) {","","","","    // post-init","    // run browser js-env code - post-init","    /* istanbul ignore next */","    case 'browser':","        local.testRunBrowser = function (event) {","            if (!event || (event &&","                    event.currentTarget &&","                    event.currentTarget.className &&","                    event.currentTarget.className.includes &&","                    event.currentTarget.className.includes('onreset'))) {","                // reset output","                Array.from(","                    document.querySelectorAll('body > .resettable')","                ).forEach(function (element) {","                    switch (element.tagName) {","                    case 'INPUT':","                    case 'TEXTAREA':","                        element.value = '';","                        break;","                    default:","                        element.textContent = '';","                    }","                });","            }","            switch (event && event.currentTarget && event.currentTarget.id) {","            case 'testRunButton1':","                // show tests","                if (document.querySelector('#testReportDiv1').style.display === 'none') {","                    document.querySelector('#testReportDiv1').style.display = 'block';","                    document.querySelector('#testRunButton1').textContent =","                        'hide internal test';","                    local.modeTest = true;","                    local.testRunDefault(local);","                // hide tests","                } else {","                    document.querySelector('#testReportDiv1').style.display = 'none';","                    document.querySelector('#testRunButton1').textContent = 'run internal test';","                }","                break;","            // custom-case","            default:","                break;","            }","            if (document.querySelector('#inputTextareaEval1') && (!event || (event &&","                    event.currentTarget &&","                    event.currentTarget.className &&","                    event.currentTarget.className.includes &&","                    event.currentTarget.className.includes('oneval')))) {","                // try to eval input-code","                try {","                    /*jslint evil: true*/","                    eval(document.querySelector('#inputTextareaEval1').value);","                } catch (errorCaught) {","                    console.error(errorCaught);","                }","            }","        };","        // log stderr and stdout to #outputTextareaStdout1","        ['error', 'log'].forEach(function (key) {","            console[key + '_original'] = console[key];","            console[key] = function () {","                var element;","                console[key + '_original'].apply(console, arguments);","                element = document.querySelector('#outputTextareaStdout1');","                if (!element) {","                    return;","                }","                // append text to #outputTextareaStdout1","                element.value += Array.from(arguments).map(function (arg) {","                    return typeof arg === 'string'","                        ? arg","                        : JSON.stringify(arg, null, 4);","                }).join(' ') + '\\n';","                // scroll textarea to bottom","                element.scrollTop = element.scrollHeight;","            };","        });","        // init event-handling","        ['change', 'click', 'keyup'].forEach(function (event) {","            Array.from(document.querySelectorAll('.on' + event)).forEach(function (element) {","                element.addEventListener(event, local.testRunBrowser);","            });","        });","        // run tests","        local.testRunBrowser();","        break;","","","","    // run node js-env code - post-init","    /* istanbul ignore next */","    case 'node':","        // export local","        module.exports = local;","        // require modules","        local.fs = require('fs');","        local.http = require('http');","        local.url = require('url');","        // init assets","        local.assetsDict = local.assetsDict || {};","        /* jslint-ignore-begin */","        local.assetsDict['/assets.index.template.html'] = '\\","<!doctype html>\\n\\","<html lang=\"en\">\\n\\","<head>\\n\\","<meta charset=\"UTF-8\">\\n\\","<meta name=\"viewport\" content=\"width=device-width, initial-scale=1\">\\n\\","<title>{{env.npm_package_name}} (v{{env.npm_package_version}})</title>\\n\\","<style>\\n\\","/*csslint\\n\\","    box-sizing: false,\\n\\","    universal-selector: false\\n\\","*/\\n\\","* {\\n\\","    box-sizing: border-box;\\n\\","}\\n\\","body {\\n\\","    background: #dde;\\n\\","    font-family: Arial, Helvetica, sans-serif;\\n\\","    margin: 2rem;\\n\\","}\\n\\","body > * {\\n\\","    margin-bottom: 1rem;\\n\\","}\\n\\",".utility2FooterDiv {\\n\\","    margin-top: 20px;\\n\\","    text-align: center;\\n\\","}\\n\\","</style>\\n\\","<style>\\n\\","/*csslint\\n\\","*/\\n\\","textarea {\\n\\","    font-family: monospace;\\n\\","    height: 10rem;\\n\\","    width: 100%;\\n\\","}\\n\\","textarea[readonly] {\\n\\","    background: #ddd;\\n\\","}\\n\\","</style>\\n\\","</head>\\n\\","<body>\\n\\","<!-- utility2-comment\\n\\","<div id=\"ajaxProgressDiv1\" style=\"background: #d00; height: 2px; left: 0; margin: 0; padding: 0; position: fixed; top: 0; transition: background 0.5s, width 1.5s; width: 25%;\"></div>\\n\\","utility2-comment -->\\n\\","<h1>\\n\\","<!-- utility2-comment\\n\\","    <a\\n\\","        {{#if env.npm_package_homepage}}\\n\\","        href=\"{{env.npm_package_homepage}}\"\\n\\","        {{/if env.npm_package_homepage}}\\n\\","        target=\"_blank\"\\n\\","    >\\n\\","utility2-comment -->\\n\\","        {{env.npm_package_name}} (v{{env.npm_package_version}})\\n\\","<!-- utility2-comment\\n\\","    </a>\\n\\","utility2-comment -->\\n\\","</h1>\\n\\","<h3>{{env.npm_package_description}}</h3>\\n\\","<!-- utility2-comment\\n\\","<h4><a download href=\"assets.app.js\">download standalone app</a></h4>\\n\\","<button class=\"onclick onreset\" id=\"testRunButton1\">run internal test</button><br>\\n\\","<div id=\"testReportDiv1\" style=\"display: none;\"></div>\\n\\","utility2-comment -->\\n\\","\\n\\","\\n\\","\\n\\","<label>stderr and stdout</label>\\n\\","<textarea class=\"resettable\" id=\"outputTextareaStdout1\" readonly></textarea>\\n\\","<!-- utility2-comment\\n\\","{{#if isRollup}}\\n\\","<script src=\"assets.app.js\"></script>\\n\\","{{#unless isRollup}}\\n\\","utility2-comment -->\\n\\","<script src=\"assets.utility2.rollup.js\"></script>\\n\\","<script src=\"jsonp.utility2._stateInit?callback=window.utility2._stateInit\"></script>\\n\\","<script src=\"assets.npmtest_react_static_webpack_plugin.rollup.js\"></script>\\n\\","<script src=\"assets.example.js\"></script>\\n\\","<script src=\"assets.test.js\"></script>\\n\\","<!-- utility2-comment\\n\\","{{/if isRollup}}\\n\\","utility2-comment -->\\n\\","<div class=\"utility2FooterDiv\">\\n\\","    [ this app was created with\\n\\","    <a href=\"https://github.com/kaizhu256/node-utility2\" target=\"_blank\">utility2</a>\\n\\","    ]\\n\\","</div>\\n\\","</body>\\n\\","</html>\\n\\","';","        /* jslint-ignore-end */","        if (local.templateRender) {","            local.assetsDict['/'] = local.templateRender(","                local.assetsDict['/assets.index.template.html'],","                {","                    env: local.objectSetDefault(local.env, {","                        npm_package_description: 'the greatest app in the world!',","                        npm_package_name: 'my-app',","                        npm_package_nameAlias: 'my_app',","                        npm_package_version: '0.0.1'","                    })","                }","            );","        } else {","            local.assetsDict['/'] = local.assetsDict['/assets.index.template.html']","                .replace((/\\{\\{env\\.(\\w+?)\\}\\}/g), function (match0, match1) {","                    // jslint-hack","                    String(match0);","                    switch (match1) {","                    case 'npm_package_description':","                        return 'the greatest app in the world!';","                    case 'npm_package_name':","                        return 'my-app';","                    case 'npm_package_nameAlias':","                        return 'my_app';","                    case 'npm_package_version':","                        return '0.0.1';","                    }","                });","        }","        // run the cli","        if (local.global.utility2_rollup || module !== require.main) {","            break;","        }","        local.assetsDict['/assets.example.js'] =","            local.assetsDict['/assets.example.js'] ||","            local.fs.readFileSync(__filename, 'utf8');","        // bug-workaround - long $npm_package_buildCustomOrg","        /* jslint-ignore-begin */","        local.assetsDict['/assets.npmtest_react_static_webpack_plugin.rollup.js'] =","            local.assetsDict['/assets.npmtest_react_static_webpack_plugin.rollup.js'] ||","            local.fs.readFileSync(","                local.npmtest_react_static_webpack_plugin.__dirname + '/lib.npmtest_react_static_webpack_plugin.js',","                'utf8'","            ).replace((/^#!/), '//');","        /* jslint-ignore-end */","        local.assetsDict['/favicon.ico'] = local.assetsDict['/favicon.ico'] || '';","        // if $npm_config_timeout_exit exists,","        // then exit this process after $npm_config_timeout_exit ms","        if (Number(process.env.npm_config_timeout_exit)) {","            setTimeout(process.exit, Number(process.env.npm_config_timeout_exit));","        }","        // start server","        if (local.global.utility2_serverHttp1) {","            break;","        }","        process.env.PORT = process.env.PORT || '8081';","        console.error('server starting on port ' + process.env.PORT);","        local.http.createServer(function (request, response) {","            request.urlParsed = local.url.parse(request.url);","            if (local.assetsDict[request.urlParsed.pathname] !== undefined) {","                response.end(local.assetsDict[request.urlParsed.pathname]);","                return;","            }","            response.statusCode = 404;","            response.end();","        }).listen(process.env.PORT);","        break;","    }","}());",""],"l":{"26":2,"28":2,"33":2,"35":2,"37":2,"38":2,"39":2,"44":1,"51":2,"55":2,"59":2,"61":2,"69":1,"70":2,"76":2,"79":2,"82":2,"83":2,"85":1,"89":2,"92":1,"93":1,"94":1,"96":1,"97":1,"100":1,"101":1,"103":1,"106":1,"108":2,"114":1,"116":1,"118":1,"123":1,"124":2,"125":2,"126":3,"127":3,"128":3,"129":3,"130":1,"133":3,"134":3,"139":3,"143":1,"144":3,"145":1,"149":1,"150":1,"158":1,"160":1,"161":1,"162":1,"164":1,"166":1,"258":1,"259":1,"271":1,"274":6,"275":6,"277":1,"279":2,"281":1,"283":2,"288":1,"289":1,"291":1,"296":1,"303":1,"306":1,"307":1,"310":1,"311":1,"313":1,"314":1,"315":1,"316":1,"317":1,"318":1,"319":1,"321":1,"322":1,"324":1}},"/home/travis/build/npmtest/node-npmtest-react-static-webpack-plugin/node_modules/react-static-webpack-plugin/dist/index.js":{"path":"/home/travis/build/npmtest/node-npmtest-react-static-webpack-plugin/node_modules/react-static-webpack-plugin/dist/index.js","s":{"1":1,"2":0,"3":0,"4":0,"5":0,"6":0,"7":0,"8":1,"9":1,"10":0,"11":0,"12":0,"13":0,"14":0,"15":0,"16":0,"17":0,"18":0,"19":0,"20":0,"21":0,"22":0,"23":0,"24":0,"25":0,"26":0,"27":1,"28":0,"29":0,"30":0,"31":0,"32":0,"33":1,"34":1,"35":1,"36":1,"37":1,"38":1,"39":1,"40":1,"41":1,"42":1,"43":3,"44":1,"45":1,"46":0,"47":1,"48":0,"49":0,"50":0,"51":0,"52":0,"53":0,"54":0,"55":0,"56":1,"57":0,"58":0,"59":1,"60":0,"61":0,"62":0,"63":1,"64":0,"65":0,"66":0,"67":0,"68":0,"69":0,"70":0,"71":0,"72":0,"73":0,"74":0,"75":0,"76":0,"77":0,"78":0,"79":0,"80":0,"81":0,"82":0,"83":0,"84":0,"85":0,"86":0,"87":0,"88":0,"89":0,"90":0,"91":0,"92":0,"93":0,"94":0,"95":0,"96":0,"97":0,"98":0,"99":0,"100":0,"101":0,"102":0,"103":0,"104":0,"105":0,"106":0,"107":0,"108":0,"109":0,"110":0,"111":0,"112":0,"113":0,"114":0,"115":0,"116":0,"117":0,"118":0,"119":0,"120":0,"121":0,"122":0,"123":0,"124":0,"125":0,"126":0,"127":0,"128":0,"129":0,"130":0,"131":0,"132":0,"133":0,"134":0,"135":0,"136":0,"137":0,"138":0,"139":0,"140":0,"141":0,"142":0,"143":0,"144":0,"145":0,"146":0,"147":0,"148":0,"149":0,"150":0,"151":0,"152":0,"153":0,"154":0,"155":0,"156":0,"157":0,"158":0,"159":0,"160":0,"161":0,"162":0,"163":1},"b":{"1":[1,0],"2":[0,0],"3":[0,0],"4":[0,0],"5":[0,0],"6":[0,0],"7":[0,0],"8":[0,0],"9":[0,0],"10":[0,3],"11":[3,3],"12":[0,0],"13":[0,0],"14":[0,0],"15":[0,0],"16":[0,0],"17":[0,0],"18":[0,0],"19":[0,0],"20":[0,0],"21":[0,0],"22":[0,0],"23":[0,0],"24":[0,0,0],"25":[0,0],"26":[0,0],"27":[0,0],"28":[0,0,0],"29":[0,0],"30":[0,0],"31":[0,0],"32":[0,0],"33":[0,0],"34":[0,0],"35":[0,0],"36":[0,0],"37":[0,0],"38":[0,0],"39":[0,0],"40":[0,0],"41":[0,0],"42":[0,0],"43":[0,0]},"f":{"1":0,"2":1,"3":0,"4":0,"5":3,"6":0,"7":0,"8":0,"9":0,"10":0,"11":0,"12":0,"13":0,"14":0,"15":0,"16":0,"17":0,"18":0,"19":0,"20":0,"21":0,"22":0,"23":0,"24":0,"25":0,"26":0,"27":0,"28":0},"fnMap":{"1":{"name":"(anonymous_1)","line":3,"loc":{"start":{"line":3,"column":32},"end":{"line":3,"column":50}}},"2":{"name":"(anonymous_2)","line":5,"loc":{"start":{"line":5,"column":21},"end":{"line":5,"column":33}}},"3":{"name":"sliceIterator","line":5,"loc":{"start":{"line":5,"column":35},"end":{"line":5,"column":66}}},"4":{"name":"(anonymous_4)","line":5,"loc":{"start":{"line":5,"column":436},"end":{"line":5,"column":454}}},"5":{"name":"_interopRequireDefault","line":34,"loc":{"start":{"line":34,"column":0},"end":{"line":34,"column":37}}},"6":{"name":"renderToStaticDocument","line":38,"loc":{"start":{"line":38,"column":29},"end":{"line":38,"column":79}}},"7":{"name":"validateOptions","line":42,"loc":{"start":{"line":42,"column":22},"end":{"line":42,"column":56}}},"8":{"name":"StaticSitePlugin","line":57,"loc":{"start":{"line":57,"column":0},"end":{"line":57,"column":35}}},"9":{"name":"promiseMatch","line":65,"loc":{"start":{"line":65,"column":19},"end":{"line":65,"column":47}}},"10":{"name":"(anonymous_10)","line":66,"loc":{"start":{"line":66,"column":32},"end":{"line":66,"column":59}}},"11":{"name":"(anonymous_11)","line":67,"loc":{"start":{"line":67,"column":34},"end":{"line":67,"column":82}}},"12":{"name":"(anonymous_12)","line":95,"loc":{"start":{"line":95,"column":35},"end":{"line":95,"column":55}}},"13":{"name":"(anonymous_13)","line":104,"loc":{"start":{"line":104,"column":26},"end":{"line":104,"column":53}}},"14":{"name":"promiseLog","line":113,"loc":{"start":{"line":113,"column":21},"end":{"line":113,"column":46}}},"15":{"name":"(anonymous_15)","line":114,"loc":{"start":{"line":114,"column":13},"end":{"line":114,"column":26}}},"16":{"name":"promiseErr","line":120,"loc":{"start":{"line":120,"column":21},"end":{"line":120,"column":46}}},"17":{"name":"(anonymous_17)","line":121,"loc":{"start":{"line":121,"column":13},"end":{"line":121,"column":26}}},"18":{"name":"(anonymous_18)","line":149,"loc":{"start":{"line":149,"column":64},"end":{"line":149,"column":79}}},"19":{"name":"(anonymous_19)","line":180,"loc":{"start":{"line":180,"column":26},"end":{"line":180,"column":53}}},"20":{"name":"(anonymous_20)","line":182,"loc":{"start":{"line":182,"column":10},"end":{"line":182,"column":28}}},"21":{"name":"(anonymous_21)","line":194,"loc":{"start":{"line":194,"column":48},"end":{"line":194,"column":63}}},"22":{"name":"(anonymous_22)","line":224,"loc":{"start":{"line":224,"column":21},"end":{"line":224,"column":38}}},"23":{"name":"(anonymous_23)","line":228,"loc":{"start":{"line":228,"column":60},"end":{"line":228,"column":78}}},"24":{"name":"(anonymous_24)","line":272,"loc":{"start":{"line":272,"column":39},"end":{"line":272,"column":59}}},"25":{"name":"(anonymous_25)","line":273,"loc":{"start":{"line":273,"column":73},"end":{"line":273,"column":89}}},"26":{"name":"source","line":331,"loc":{"start":{"line":331,"column":20},"end":{"line":331,"column":38}}},"27":{"name":"size","line":334,"loc":{"start":{"line":334,"column":18},"end":{"line":334,"column":34}}},"28":{"name":"(anonymous_28)","line":339,"loc":{"start":{"line":339,"column":16},"end":{"line":339,"column":31}}}},"statementMap":{"1":{"start":{"line":3,"column":0},"end":{"line":3,"column":257}},"2":{"start":{"line":3,"column":52},"end":{"line":3,"column":239}},"3":{"start":{"line":3,"column":97},"end":{"line":3,"column":123}},"4":{"start":{"line":3,"column":124},"end":{"line":3,"column":237}},"5":{"start":{"line":3,"column":150},"end":{"line":3,"column":235}},"6":{"start":{"line":3,"column":207},"end":{"line":3,"column":233}},"7":{"start":{"line":3,"column":240},"end":{"line":3,"column":254}},"8":{"start":{"line":5,"column":0},"end":{"line":5,"column":664}},"9":{"start":{"line":5,"column":35},"end":{"line":5,"column":428}},"10":{"start":{"line":5,"column":68},"end":{"line":5,"column":82}},"11":{"start":{"line":5,"column":83},"end":{"line":5,"column":97}},"12":{"start":{"line":5,"column":98},"end":{"line":5,"column":113}},"13":{"start":{"line":5,"column":114},"end":{"line":5,"column":133}},"14":{"start":{"line":5,"column":134},"end":{"line":5,"column":413}},"15":{"start":{"line":5,"column":140},"end":{"line":5,"column":283}},"16":{"start":{"line":5,"column":226},"end":{"line":5,"column":246}},"17":{"start":{"line":5,"column":247},"end":{"line":5,"column":281}},"18":{"start":{"line":5,"column":275},"end":{"line":5,"column":281}},"19":{"start":{"line":5,"column":300},"end":{"line":5,"column":310}},"20":{"start":{"line":5,"column":311},"end":{"line":5,"column":320}},"21":{"start":{"line":5,"column":333},"end":{"line":5,"column":411}},"22":{"start":{"line":5,"column":339},"end":{"line":5,"column":379}},"23":{"start":{"line":5,"column":364},"end":{"line":5,"column":379}},"24":{"start":{"line":5,"column":392},"end":{"line":5,"column":409}},"25":{"start":{"line":5,"column":400},"end":{"line":5,"column":409}},"26":{"start":{"line":5,"column":414},"end":{"line":5,"column":426}},"27":{"start":{"line":5,"column":429},"end":{"line":5,"column":659}},"28":{"start":{"line":5,"column":456},"end":{"line":5,"column":656}},"29":{"start":{"line":5,"column":482},"end":{"line":5,"column":493}},"30":{"start":{"line":5,"column":501},"end":{"line":5,"column":656}},"31":{"start":{"line":5,"column":539},"end":{"line":5,"column":568}},"32":{"start":{"line":5,"column":578},"end":{"line":5,"column":654}},"33":{"start":{"line":16,"column":0},"end":{"line":16,"column":30}},"34":{"start":{"line":18,"column":0},"end":{"line":18,"column":45}},"35":{"start":{"line":20,"column":0},"end":{"line":20,"column":42}},"36":{"start":{"line":22,"column":0},"end":{"line":22,"column":43}},"37":{"start":{"line":24,"column":0},"end":{"line":24,"column":36}},"38":{"start":{"line":26,"column":0},"end":{"line":26,"column":51}},"39":{"start":{"line":28,"column":0},"end":{"line":28,"column":47}},"40":{"start":{"line":30,"column":0},"end":{"line":30,"column":55}},"41":{"start":{"line":32,"column":0},"end":{"line":32,"column":35}},"42":{"start":{"line":34,"column":0},"end":{"line":34,"column":95}},"43":{"start":{"line":34,"column":39},"end":{"line":34,"column":93}},"44":{"start":{"line":36,"column":0},"end":{"line":36,"column":66}},"45":{"start":{"line":38,"column":0},"end":{"line":40,"column":2}},"46":{"start":{"line":39,"column":2},"end":{"line":39,"column":112}},"47":{"start":{"line":42,"column":0},"end":{"line":55,"column":2}},"48":{"start":{"line":43,"column":2},"end":{"line":45,"column":3}},"49":{"start":{"line":44,"column":4},"end":{"line":44,"column":43}},"50":{"start":{"line":46,"column":2},"end":{"line":48,"column":3}},"51":{"start":{"line":47,"column":4},"end":{"line":47,"column":61}},"52":{"start":{"line":49,"column":2},"end":{"line":51,"column":3}},"53":{"start":{"line":50,"column":4},"end":{"line":50,"column":50}},"54":{"start":{"line":52,"column":2},"end":{"line":54,"column":3}},"55":{"start":{"line":53,"column":4},"end":{"line":53,"column":101}},"56":{"start":{"line":57,"column":0},"end":{"line":60,"column":1}},"57":{"start":{"line":58,"column":2},"end":{"line":58,"column":27}},"58":{"start":{"line":59,"column":2},"end":{"line":59,"column":25}},"59":{"start":{"line":65,"column":0},"end":{"line":71,"column":2}},"60":{"start":{"line":66,"column":2},"end":{"line":70,"column":5}},"61":{"start":{"line":67,"column":4},"end":{"line":69,"column":15}},"62":{"start":{"line":68,"column":6},"end":{"line":68,"column":94}},"63":{"start":{"line":95,"column":0},"end":{"line":344,"column":2}},"64":{"start":{"line":96,"column":2},"end":{"line":96,"column":19}},"65":{"start":{"line":98,"column":2},"end":{"line":98,"column":34}},"66":{"start":{"line":104,"column":2},"end":{"line":152,"column":5}},"67":{"start":{"line":105,"column":4},"end":{"line":109,"column":41}},"68":{"start":{"line":113,"column":4},"end":{"line":118,"column":6}},"69":{"start":{"line":114,"column":6},"end":{"line":117,"column":8}},"70":{"start":{"line":115,"column":8},"end":{"line":115,"column":53}},"71":{"start":{"line":116,"column":8},"end":{"line":116,"column":17}},"72":{"start":{"line":120,"column":4},"end":{"line":125,"column":6}},"73":{"start":{"line":121,"column":6},"end":{"line":124,"column":8}},"74":{"start":{"line":122,"column":8},"end":{"line":122,"column":53}},"75":{"start":{"line":123,"column":8},"end":{"line":123,"column":44}},"76":{"start":{"line":128,"column":4},"end":{"line":138,"column":67}},"77":{"start":{"line":140,"column":4},"end":{"line":147,"column":5}},"78":{"start":{"line":141,"column":6},"end":{"line":146,"column":73}},"79":{"start":{"line":149,"column":4},"end":{"line":151,"column":19}},"80":{"start":{"line":150,"column":6},"end":{"line":150,"column":55}},"81":{"start":{"line":180,"column":2},"end":{"line":343,"column":5}},"82":{"start":{"line":181,"column":4},"end":{"line":342,"column":7}},"83":{"start":{"line":183,"column":6},"end":{"line":185,"column":7}},"84":{"start":{"line":184,"column":8},"end":{"line":184,"column":21}},"85":{"start":{"line":187,"column":6},"end":{"line":190,"column":7}},"86":{"start":{"line":188,"column":8},"end":{"line":188,"column":40}},"87":{"start":{"line":189,"column":8},"end":{"line":189,"column":400}},"88":{"start":{"line":194,"column":6},"end":{"line":198,"column":9}},"89":{"start":{"line":195,"column":8},"end":{"line":195,"column":95}},"90":{"start":{"line":196,"column":8},"end":{"line":196,"column":39}},"91":{"start":{"line":197,"column":8},"end":{"line":197,"column":48}},"92":{"start":{"line":200,"column":6},"end":{"line":203,"column":29}},"93":{"start":{"line":205,"column":6},"end":{"line":207,"column":7}},"94":{"start":{"line":206,"column":8},"end":{"line":206,"column":119}},"95":{"start":{"line":209,"column":6},"end":{"line":209,"column":57}},"96":{"start":{"line":211,"column":6},"end":{"line":213,"column":7}},"97":{"start":{"line":212,"column":8},"end":{"line":212,"column":48}},"98":{"start":{"line":215,"column":6},"end":{"line":217,"column":7}},"99":{"start":{"line":216,"column":8},"end":{"line":216,"column":54}},"100":{"start":{"line":219,"column":6},"end":{"line":221,"column":7}},"101":{"start":{"line":220,"column":8},"end":{"line":220,"column":115}},"102":{"start":{"line":224,"column":6},"end":{"line":226,"column":8}},"103":{"start":{"line":225,"column":8},"end":{"line":225,"column":55}},"104":{"start":{"line":228,"column":6},"end":{"line":231,"column":13}},"105":{"start":{"line":229,"column":8},"end":{"line":229,"column":19}},"106":{"start":{"line":230,"column":8},"end":{"line":230,"column":19}},"107":{"start":{"line":233,"column":6},"end":{"line":233,"column":66}},"108":{"start":{"line":234,"column":6},"end":{"line":243,"column":7}},"109":{"start":{"line":235,"column":8},"end":{"line":235,"column":60}},"110":{"start":{"line":236,"column":8},"end":{"line":240,"column":9}},"111":{"start":{"line":237,"column":10},"end":{"line":237,"column":56}},"112":{"start":{"line":239,"column":10},"end":{"line":239,"column":79}},"113":{"start":{"line":242,"column":8},"end":{"line":242,"column":51}},"114":{"start":{"line":245,"column":6},"end":{"line":245,"column":34}},"115":{"start":{"line":248,"column":6},"end":{"line":255,"column":7}},"116":{"start":{"line":249,"column":8},"end":{"line":249,"column":95}},"117":{"start":{"line":250,"column":8},"end":{"line":252,"column":11}},"118":{"start":{"line":253,"column":8},"end":{"line":253,"column":115}},"119":{"start":{"line":254,"column":8},"end":{"line":254,"column":20}},"120":{"start":{"line":257,"column":6},"end":{"line":257,"column":50}},"121":{"start":{"line":258,"column":6},"end":{"line":258,"column":37}},"122":{"start":{"line":262,"column":6},"end":{"line":262,"column":28}},"123":{"start":{"line":263,"column":6},"end":{"line":270,"column":7}},"124":{"start":{"line":264,"column":8},"end":{"line":269,"column":9}},"125":{"start":{"line":265,"column":10},"end":{"line":265,"column":53}},"126":{"start":{"line":267,"column":10},"end":{"line":267,"column":202}},"127":{"start":{"line":268,"column":10},"end":{"line":268,"column":20}},"128":{"start":{"line":272,"column":6},"end":{"line":341,"column":21}},"129":{"start":{"line":273,"column":8},"end":{"line":338,"column":11}},"130":{"start":{"line":274,"column":10},"end":{"line":276,"column":45}},"131":{"start":{"line":277,"column":10},"end":{"line":277,"column":38}},"132":{"start":{"line":279,"column":10},"end":{"line":279,"column":57}},"133":{"start":{"line":280,"column":10},"end":{"line":280,"column":78}},"134":{"start":{"line":281,"column":10},"end":{"line":281,"column":33}},"135":{"start":{"line":283,"column":10},"end":{"line":304,"column":11}},"136":{"start":{"line":284,"column":12},"end":{"line":284,"column":96}},"137":{"start":{"line":285,"column":12},"end":{"line":285,"column":141}},"138":{"start":{"line":286,"column":17},"end":{"line":304,"column":11}},"139":{"start":{"line":287,"column":12},"end":{"line":287,"column":102}},"140":{"start":{"line":288,"column":12},"end":{"line":288,"column":118}},"141":{"start":{"line":289,"column":17},"end":{"line":304,"column":11}},"142":{"start":{"line":290,"column":12},"end":{"line":290,"column":105}},"143":{"start":{"line":291,"column":12},"end":{"line":291,"column":120}},"144":{"start":{"line":292,"column":17},"end":{"line":304,"column":11}},"145":{"start":{"line":293,"column":12},"end":{"line":293,"column":89}},"146":{"start":{"line":294,"column":12},"end":{"line":298,"column":14}},"147":{"start":{"line":301,"column":12},"end":{"line":301,"column":80}},"148":{"start":{"line":303,"column":12},"end":{"line":303,"column":95}},"149":{"start":{"line":306,"column":10},"end":{"line":306,"column":25}},"150":{"start":{"line":308,"column":10},"end":{"line":311,"column":11}},"151":{"start":{"line":309,"column":12},"end":{"line":309,"column":74}},"152":{"start":{"line":310,"column":12},"end":{"line":310,"column":32}},"153":{"start":{"line":313,"column":10},"end":{"line":318,"column":31}},"154":{"start":{"line":320,"column":10},"end":{"line":320,"column":129}},"155":{"start":{"line":321,"column":10},"end":{"line":321,"column":62}},"156":{"start":{"line":322,"column":10},"end":{"line":322,"column":59}},"157":{"start":{"line":323,"column":10},"end":{"line":328,"column":14}},"158":{"start":{"line":330,"column":10},"end":{"line":337,"column":12}},"159":{"start":{"line":332,"column":14},"end":{"line":332,"column":25}},"160":{"start":{"line":335,"column":14},"end":{"line":335,"column":32}},"161":{"start":{"line":340,"column":8},"end":{"line":340,"column":27}},"162":{"start":{"line":340,"column":17},"end":{"line":340,"column":27}},"163":{"start":{"line":346,"column":0},"end":{"line":346,"column":34}}},"branchMap":{"1":{"line":3,"type":"binary-expr","locations":[{"start":{"line":3,"column":15},"end":{"line":3,"column":28}},{"start":{"line":3,"column":32},"end":{"line":3,"column":256}}]},"2":{"line":3,"type":"if","locations":[{"start":{"line":3,"column":150},"end":{"line":3,"column":150}},{"start":{"line":3,"column":150},"end":{"line":3,"column":150}}]},"3":{"line":5,"type":"if","locations":[{"start":{"line":5,"column":247},"end":{"line":5,"column":247}},{"start":{"line":5,"column":247},"end":{"line":5,"column":247}}]},"4":{"line":5,"type":"binary-expr","locations":[{"start":{"line":5,"column":251},"end":{"line":5,"column":252}},{"start":{"line":5,"column":256},"end":{"line":5,"column":273}}]},"5":{"line":5,"type":"if","locations":[{"start":{"line":5,"column":339},"end":{"line":5,"column":339}},{"start":{"line":5,"column":339},"end":{"line":5,"column":339}}]},"6":{"line":5,"type":"binary-expr","locations":[{"start":{"line":5,"column":343},"end":{"line":5,"column":346}},{"start":{"line":5,"column":350},"end":{"line":5,"column":362}}]},"7":{"line":5,"type":"if","locations":[{"start":{"line":5,"column":392},"end":{"line":5,"column":392}},{"start":{"line":5,"column":392},"end":{"line":5,"column":392}}]},"8":{"line":5,"type":"if","locations":[{"start":{"line":5,"column":456},"end":{"line":5,"column":456}},{"start":{"line":5,"column":456},"end":{"line":5,"column":456}}]},"9":{"line":5,"type":"if","locations":[{"start":{"line":5,"column":501},"end":{"line":5,"column":501}},{"start":{"line":5,"column":501},"end":{"line":5,"column":501}}]},"10":{"line":34,"type":"cond-expr","locations":[{"start":{"line":34,"column":70},"end":{"line":34,"column":73}},{"start":{"line":34,"column":76},"end":{"line":34,"column":92}}]},"11":{"line":34,"type":"binary-expr","locations":[{"start":{"line":34,"column":46},"end":{"line":34,"column":49}},{"start":{"line":34,"column":53},"end":{"line":34,"column":67}}]},"12":{"line":43,"type":"if","locations":[{"start":{"line":43,"column":2},"end":{"line":43,"column":2}},{"start":{"line":43,"column":2},"end":{"line":43,"column":2}}]},"13":{"line":46,"type":"if","locations":[{"start":{"line":46,"column":2},"end":{"line":46,"column":2}},{"start":{"line":46,"column":2},"end":{"line":46,"column":2}}]},"14":{"line":46,"type":"binary-expr","locations":[{"start":{"line":46,"column":6},"end":{"line":46,"column":21}},{"start":{"line":46,"column":25},"end":{"line":46,"column":43}}]},"15":{"line":49,"type":"if","locations":[{"start":{"line":49,"column":2},"end":{"line":49,"column":2}},{"start":{"line":49,"column":2},"end":{"line":49,"column":2}}]},"16":{"line":52,"type":"if","locations":[{"start":{"line":52,"column":2},"end":{"line":52,"column":2}},{"start":{"line":52,"column":2},"end":{"line":52,"column":2}}]},"17":{"line":52,"type":"binary-expr","locations":[{"start":{"line":52,"column":6},"end":{"line":52,"column":34}},{"start":{"line":52,"column":38},"end":{"line":52,"column":87}}]},"18":{"line":129,"type":"binary-expr","locations":[{"start":{"line":129,"column":16},"end":{"line":129,"column":22}},{"start":{"line":129,"column":26},"end":{"line":129,"column":35}}]},"19":{"line":140,"type":"if","locations":[{"start":{"line":140,"column":4},"end":{"line":140,"column":4}},{"start":{"line":140,"column":4},"end":{"line":140,"column":4}}]},"20":{"line":183,"type":"if","locations":[{"start":{"line":183,"column":6},"end":{"line":183,"column":6}},{"start":{"line":183,"column":6},"end":{"line":183,"column":6}}]},"21":{"line":187,"type":"if","locations":[{"start":{"line":187,"column":6},"end":{"line":187,"column":6}},{"start":{"line":187,"column":6},"end":{"line":187,"column":6}}]},"22":{"line":205,"type":"if","locations":[{"start":{"line":205,"column":6},"end":{"line":205,"column":6}},{"start":{"line":205,"column":6},"end":{"line":205,"column":6}}]},"23":{"line":206,"type":"binary-expr","locations":[{"start":{"line":206,"column":69},"end":{"line":206,"column":89}},{"start":{"line":206,"column":93},"end":{"line":206,"column":116}}]},"24":{"line":209,"type":"binary-expr","locations":[{"start":{"line":209,"column":15},"end":{"line":209,"column":28}},{"start":{"line":209,"column":32},"end":{"line":209,"column":46}},{"start":{"line":209,"column":50},"end":{"line":209,"column":56}}]},"25":{"line":211,"type":"if","locations":[{"start":{"line":211,"column":6},"end":{"line":211,"column":6}},{"start":{"line":211,"column":6},"end":{"line":211,"column":6}}]},"26":{"line":212,"type":"binary-expr","locations":[{"start":{"line":212,"column":19},"end":{"line":212,"column":35}},{"start":{"line":212,"column":39},"end":{"line":212,"column":47}}]},"27":{"line":215,"type":"if","locations":[{"start":{"line":215,"column":6},"end":{"line":215,"column":6}},{"start":{"line":215,"column":6},"end":{"line":215,"column":6}}]},"28":{"line":216,"type":"binary-expr","locations":[{"start":{"line":216,"column":16},"end":{"line":216,"column":27}},{"start":{"line":216,"column":31},"end":{"line":216,"column":44}},{"start":{"line":216,"column":48},"end":{"line":216,"column":53}}]},"29":{"line":219,"type":"if","locations":[{"start":{"line":219,"column":6},"end":{"line":219,"column":6}},{"start":{"line":219,"column":6},"end":{"line":219,"column":6}}]},"30":{"line":219,"type":"binary-expr","locations":[{"start":{"line":219,"column":10},"end":{"line":219,"column":32}},{"start":{"line":219,"column":36},"end":{"line":219,"column":72}}]},"31":{"line":233,"type":"binary-expr","locations":[{"start":{"line":233,"column":24},"end":{"line":233,"column":46}},{"start":{"line":233,"column":50},"end":{"line":233,"column":65}}]},"32":{"line":236,"type":"if","locations":[{"start":{"line":236,"column":8},"end":{"line":236,"column":8}},{"start":{"line":236,"column":8},"end":{"line":236,"column":8}}]},"33":{"line":248,"type":"if","locations":[{"start":{"line":248,"column":6},"end":{"line":248,"column":6}},{"start":{"line":248,"column":6},"end":{"line":248,"column":6}}]},"34":{"line":248,"type":"binary-expr","locations":[{"start":{"line":248,"column":10},"end":{"line":248,"column":31}},{"start":{"line":248,"column":35},"end":{"line":248,"column":58}}]},"35":{"line":263,"type":"if","locations":[{"start":{"line":263,"column":6},"end":{"line":263,"column":6}},{"start":{"line":263,"column":6},"end":{"line":263,"column":6}}]},"36":{"line":283,"type":"if","locations":[{"start":{"line":283,"column":10},"end":{"line":283,"column":10}},{"start":{"line":283,"column":10},"end":{"line":283,"column":10}}]},"37":{"line":286,"type":"if","locations":[{"start":{"line":286,"column":17},"end":{"line":286,"column":17}},{"start":{"line":286,"column":17},"end":{"line":286,"column":17}}]},"38":{"line":289,"type":"if","locations":[{"start":{"line":289,"column":17},"end":{"line":289,"column":17}},{"start":{"line":289,"column":17},"end":{"line":289,"column":17}}]},"39":{"line":292,"type":"if","locations":[{"start":{"line":292,"column":17},"end":{"line":292,"column":17}},{"start":{"line":292,"column":17},"end":{"line":292,"column":17}}]},"40":{"line":308,"type":"if","locations":[{"start":{"line":308,"column":10},"end":{"line":308,"column":10}},{"start":{"line":308,"column":10},"end":{"line":308,"column":10}}]},"41":{"line":320,"type":"cond-expr","locations":[{"start":{"line":320,"column":75},"end":{"line":320,"column":103}},{"start":{"line":320,"column":106},"end":{"line":320,"column":128}}]},"42":{"line":321,"type":"cond-expr","locations":[{"start":{"line":321,"column":33},"end":{"line":321,"column":56}},{"start":{"line":321,"column":59},"end":{"line":321,"column":61}}]},"43":{"line":340,"type":"if","locations":[{"start":{"line":340,"column":8},"end":{"line":340,"column":8}},{"start":{"line":340,"column":8},"end":{"line":340,"column":8}}]}},"code":["'use strict';","","var _extends = Object.assign || function (target) { for (var i = 1; i < arguments.length; i++) { var source = arguments[i]; for (var key in source) { if (Object.prototype.hasOwnProperty.call(source, key)) { target[key] = source[key]; } } } return target; };","","var _slicedToArray = function () { function sliceIterator(arr, i) { var _arr = []; var _n = true; var _d = false; var _e = undefined; try { for (var _i = arr[Symbol.iterator](), _s; !(_n = (_s = _i.next()).done); _n = true) { _arr.push(_s.value); if (i && _arr.length === i) break; } } catch (err) { _d = true; _e = err; } finally { try { if (!_n && _i[\"return\"]) _i[\"return\"](); } finally { if (_d) throw _e; } } return _arr; } return function (arr, i) { if (Array.isArray(arr)) { return arr; } else if (Symbol.iterator in Object(arr)) { return sliceIterator(arr, i); } else { throw new TypeError(\"Invalid attempt to destructure non-iterable instance\"); } }; }(); /**","                                                                                                                                                                                                                                                                                                                                                                                                                                                                                                                                                                                                                                                                                          * ","                                                                                                                                                                                                                                                                                                                                                                                                                                                                                                                                                                                                                                                                                          *","                                                                                                                                                                                                                                                                                                                                                                                                                                                                                                                                                                                                                                                                                          * Webpack Plugin Resources:","                                                                                                                                                                                                                                                                                                                                                                                                                                                                                                                                                                                                                                                                                          * - https://github.com/andreypopp/webpack-stylegen/blob/master/lib/webpack/index.js#L5","                                                                                                                                                                                                                                                                                                                                                                                                                                                                                                                                                                                                                                                                                          * - https://github.com/webpack/extract-text-webpack-plugin/blob/v1.0.1/loader.js#L62","                                                                                                                                                                                                                                                                                                                                                                                                                                                                                                                                                                                                                                                                                          * - https://github.com/kevlened/debug-webpack-plugin/blob/master/
[...]
nd":{"line":314,"column":39}},{"start":{"line":314,"column":42},"end":{"line":314,"column":66}}]},"28":{"line":315,"type":"if","locations":[{"start":{"line":315,"column":9},"end":{"line":315,"column":9}},{"start":{"line":315,"column":9},"end":{"line":315,"column":9}}]},"29":{"line":321,"type":"cond-expr","locations":[{"start":{"line":321,"column":25},"end":{"line":321,"column":64}},{"start":{"line":321,"column":67},"end":{"line":321,"column":75}}]},"30":{"line":343,"type":"binary-expr","locations":[{"start":{"line":343,"column":9},"end":{"line":343,"column":18}},{"start":{"line":343,"column":22},"end":{"line":343,"column":46}},{"start":{"line":343,"column":50},"end":{"line":343,"column":79}}]},"31":{"line":357,"type":"binary-expr","locations":[{"start":{"line":357,"column":18},"end":{"line":357,"column":34}},{"start":{"line":357,"column":38},"end":{"line":357,"column":46}}]},"32":{"line":363,"type":"if","locations":[{"start":{"line":363,"column":2},"end":{"line":363,"column":2}},{"start":{"line":363,"column":2},"end":{"line":363,"column":2}}]},"33":{"line":412,"type":"if","locations":[{"start":{"line":412,"column":2},"end":{"line":412,"column":2}},{"start":{"line":412,"column":2},"end":{"line":412,"column":2}}]},"34":{"line":412,"type":"binary-expr","locations":[{"start":{"line":412,"column":6},"end":{"line":412,"column":44}},{"start":{"line":412,"column":48},"end":{"line":412,"column":85}}]},"35":{"line":429,"type":"if","locations":[{"start":{"line":429,"column":4},"end":{"line":429,"column":4}},{"start":{"line":429,"column":4},"end":{"line":429,"column":4}}]},"36":{"line":434,"type":"cond-expr","locations":[{"start":{"line":434,"column":51},"end":{"line":434,"column":91}},{"start":{"line":434,"column":94},"end":{"line":434,"column":110}}]},"37":{"line":434,"type":"binary-expr","locations":[{"start":{"line":434,"column":24},"end":{"line":434,"column":40}},{"start":{"line":434,"column":44},"end":{"line":434,"column":48}}]}},"code":["'use strict';","","Object.defineProperty(exports, \"__esModule\", {","  value: true","});","exports.addHash = exports.log = exports.renderSingleComponent = exports.isRoute = exports.getAssetKey = exports.getAllPaths = exports.getNestedPaths = exports.compileAsset = exports.prefix = exports.getExtraneousAssets = undefined;","","var _extends = Object.assign || function (target) { for (var i = 1; i < arguments.length; i++) { var source = arguments[i]; for (var key in source) { if (Object.prototype.hasOwnProperty.call(source, key)) { target[key] = source[key]; } } } return target; };","","var _path = require('path');","","var _path2 = _interopRequireDefault(_path);","","var _fs = require('fs');","","var _fs2 = _interopRequireDefault(_fs);","","var _vm = require('vm');","","var _vm2 = _interopRequireDefault(_vm);","","var _flattenDeep = require('lodash/flattenDeep');","","var _flattenDeep2 = _interopRequireDefault(_flattenDeep);","","var _isString = require('lodash/isString');","","var _isString2 = _interopRequireDefault(_isString);","","var _react = require('react');","","var _react2 = _interopRequireDefault(_react);","","var _server = require('react-dom/server');","","var _bluebird = require('bluebird');","","var _bluebird2 = _interopRequireDefault(_bluebird);","","var _SingleEntryPlugin = require('webpack/lib/SingleEntryPlugin');","","var _SingleEntryPlugin2 = _interopRequireDefault(_SingleEntryPlugin);","","var _jsdom = require('jsdom');","","function _interopRequireDefault(obj) { return obj && obj.__esModule ? obj : { default: obj }; }","","function _toConsumableArray(arr) { if (Array.isArray(arr)) { for (var i = 0, arr2 = Array(arr.length); i < arr.length; i++) { arr2[i] = arr[i]; } return arr2; } else { return Array.from(arr); } }","","var debug = require('debug')('react-static-webpack-plugin:utils');","","var extraneousAssets = [];","","// Allow other files to get access to the extraneous assets","var getExtraneousAssets = exports.getExtraneousAssets = function getExtraneousAssets() {","  return extraneousAssets;","};","","/**"," * Adde a namespace/prefix to a filename so as to avoid naming conflicts with"," * things the user has created."," */","var prefix = exports.prefix = function prefix(name) {","  return '__react-static-webpack-plugin__' + name;","};","","/**"," * Get all candidate absolute paths for the extract text plugin. If there are"," * none that's fine. We use these paths to patch extract-text-wepback-plugin"," * during compilation so that it doesn't throw a fit about loader-plugin"," * interop."," */","var getExtractTextPluginPaths = function getExtractTextPluginPaths(compilation) {","  var _compilation$compiler = compilation.compiler,","      options = _compilation$compiler.options,","      context = _compilation$compiler.context;","","  var paths = new Set(); // Ensure unique paths","","  if (context) {","    paths.add(_path2.default.resolve(context, './node_modules/extract-text-webpack-plugin'));","  }","","  if (options && options.context) {","    paths.add(_path2.default.resolve(options.context, './node_modules/extract-text-webpack-plugin'));","  }","","  try {","    if (options.resolve.modules && options.resolve.modules.length) {","      options.resolve.modules.forEach(function (x) {","        paths.add(_path2.default.resolve(x, './extract-text-webpack-plugin'));","      });","    }","  } catch (err) {","    debug('Error resolving options.resolve.modules');","  }","","  try {","    if (options.resolveLoader.modules && options.resolveLoader.modules.length) {","      options.resolveLoader.modules.forEach(function (x) {","        paths.add(_path2.default.resolve(x, './extract-text-webpack-plugin'));","      });","    }","  } catch (err) {","    debug('Error resolving options.resolveLoader.modules');","  }","","  return Array.from(paths).filter(_fs2.default.existsSync);","};","","/**"," * Given the filepath of an asset (say js file) compile it and return the source"," */","var compileAsset = exports.compileAsset = function compileAsset(opts) {","  var filepath = opts.filepath,","      outputFilename = opts.outputFilename,","      compilation = opts.compilation,","      context = opts.context;","","  var compilerName = 'react-static-webpack compiling \"' + filepath + '\"';","  var outputOptions = {","    filename: outputFilename,","    publicPath: compilation.outputOptions.publicPath","  };","  var rawAssets = {};","","  debug('Compilation context \"' + context + '\"');","  debug('Compiling \"' + _path2.default.resolve(context, filepath) + '\"');","","  var childCompiler = compilation.createChildCompiler(compilerName, outputOptions);","  childCompiler.apply(new _SingleEntryPlugin2.default(context, filepath));","","  // Patch extract text plugin","  childCompiler.plugin('this-compilation', function (compilation) {","    var extractTextPluginPaths = getExtractTextPluginPaths(compilation);","    debug('this-compilation patching extractTextPluginPaths %O', extractTextPluginPaths);","","    // NOTE: This is taken directly from extract-text-webpack-plugin","    // https://github.com/webpack/extract-text-webpack-plugin/blob/v1.0.1/loader.js#L62","    //","    // It seems that returning true allows the use of css modules while","    // setting this equal to false makes the import of css modules fail, which","    // means rendered pages do not have the correct classnames.","    // loaderContext[x] = false;","    compilation.plugin('normal-module-loader', function (loaderContext) {","      extractTextPluginPaths.forEach(function (x) {","        loaderContext[x] = function (content, opt) {","          // See NOTE","          return true;","        };","      });","    });","","    /**","     * In order to evaluate the raw compiled source files of assets instead of","     * the minified or otherwise optimized version we hook into here and hold on","     * to any chunk assets before they are compiled.","     *","     * NOTE: It is uncertain so far whether this source is actually the same as","     * the unoptimized source of the file in question. I.e. it may not be the","     * fullly compiled / bundled module code we want since this is not the emit","     * callback.","     */","    compilation.plugin('optimize-chunk-assets', function (chunks, cb) {","      var files = [];","","      // Collect all asset names","      chunks.forEach(function (chunk) {","        chunk.files.forEach(function (file) {","          return files.push(file);","        });","      });","      compilation.additionalChunkAssets.forEach(function (file) {","        return files.push(file);","      });","","      rawAssets = files.reduce(function (agg, file) {","        agg[file] = compilation.assets[file];","        return agg;","      }, {});","","      // Update the extraneous assets to remove","      // TODO: This does not actually collect all the apropriate assets. What we","      // want is EVERY file that was compiled during this compilation, since we","      // don't want to output any of them. So far this only gets the associated","      // js files, like routes.js (with prefix)","      extraneousAssets = [].concat(_toConsumableArray(extraneousAssets), files);","","      cb();","    });","  });","","  // Run the compilation async and return a promise","  // NOTE: For some reason, require simply doesn't work as expected in the","  // evaluated string src code. This was meant to be a temporary fix to fix the","  // issue of requiring node-uuid. It would be better to find a way to fully","  // support any module code. Specifically, code like this failse because the","  // require function simply does not return the built in crypto module:","  // https://github.com/crypto-browserify/crypto-browserify/blob/v3.2.6/rng.js","  return new _bluebird2.default(function (resolve, reject) {","    childCompiler.runAsChild(function (err, entries, childCompilation) {","      // Resolve / reject the promise","      if (childCompilation.errors && childCompilation.errors.length) {","        var errorDetails = childCompilation.errors.map(function (err) {","          return err.message + (err.error ? ':\\n' + err.error : '');","        }).join('\\n');","","        reject(new Error('Child compilation failed:\\n' + errorDetails));","      } else {","        var asset = compilation.assets[outputFilename];","","        // See 'optimize-chunk-assets' above","        if (rawAssets[outputFilename]) {","          debug('Using raw source for ' + filepath);","          asset = rawAssets[outputFilename];","        }","","        resolve(asset);","      }","    });","  }).then(function (asset) {","    if (asset instanceof Error) {","      debug(filepath + ' failed to copmile. Rejecting...');","      return _bluebird2.default.reject(asset);","    }","","    debug(filepath + ' compiled. Processing source...');","","    // Instantiate browser sandbox","    var doc = (0, _jsdom.jsdom)('<html><body></body></html>');","    var win = doc.defaultView;","","    // Pre-compile asset source","    var script = new _vm2.default.Script(asset.source(), {","      filename: filepath,","      displayErrors: true","    });","","    // Run it in the JSDOM context","    return (0, _jsdom.evalVMScript)(win, script);","  }).catch(function (err) {","    debug(filepath + ' failed to process. Rejecting...');","    return _bluebird2.default.reject(err);","  });","};","","// can be an React Element or a POJO","","","/**"," * NOTE: We could likely use createRoutes to our advantage here. It may simplify"," * the code we currently use to recurse over the virtual dom tree:"," *"," * import { createRoutes } from 'react-router';"," * console.log(createRoutes(routes)); =>"," * [ { path: '/',"," *    component: [Function: Layout],"," *    childRoutes: [ [Object], [Object] ] } ]"," *"," * Ex:"," * const routes = ("," *   <Route component={App} path='/'>"," *     <Route component={About} path='/about' />"," *   </Route>"," * );"," *"," * getAllPaths(routes); => ['/', '/about]"," */","var getNestedPaths = exports.getNestedPaths = function getNestedPaths(route) {","  var prefix = arguments.length > 1 && arguments[1] !== undefined ? arguments[1] : '';","","  if (!route) return [];","","  if (Array.isArray(route)) return route.map(function (x) {","    return getNestedPaths(x, prefix);","  });","","  var path = route.props && route.props.path || route.path;","  // Some routes such as redirects or index routes do not have a path. Skip","  // them.","  if (!path) return [];","","  path = prefix + path;","  var nextPrefix = path === '/' ? path : path + '/';","  var childRoutes = route.props && route.props.children || route.childRoutes;","  return [path].concat(_toConsumableArray(getNestedPaths(childRoutes, nextPrefix)));","};","","var getAllPaths = exports.getAllPaths = function getAllPaths(routes) {","  return (0, _flattenDeep2.default)(getNestedPaths(routes));","};","","/**"," * Given a string location (i.e. path) return a relevant HTML filename."," * Ex: '/' -> 'index.html'"," * Ex: '/about' -> 'about.html'"," * Ex: '/about/' -> 'about/index.html'"," * Ex: '/about/team' -> 'about/team.html'"," *"," * NOTE: Don't want leading slash"," * i.e. 'path/to/file.html' instead of '/path/to/file.html'"," *"," * NOTE: There is a lone case where the users specifices a not found route that"," * results in a '/*' location. In this case we output 404.html, since it's"," * assumed that this is a 404 route. See the RR changelong for details:"," * https://github.com/rackt/react-router/blob/1.0.x/CHANGES.md#notfound-route"," */","var getAssetKey = exports.getAssetKey = function getAssetKey(location) {","  var basename = _path2.default.basename(location);","  var dirname = _path2.default.dirname(location).slice(1); // See NOTE above","  var filename = void 0;","","  if (location.slice(-1) === '/') {","    filename = !basename ? 'index.html' : basename + '/index.html';","  } else if (basename === '*') {","    filename = '404.html';","  } else {","    filename = basename + '.html';","  }","","  var result = dirname ? dirname + _path2.default.sep + filename : filename;","","  debug('Getting asset key: \"' + location + '\" -> \"' + result + '\"');","","  return result;","};","","/**"," * Test if a React Element is a React Router Route or not. Note that this tests"," * the actual object (i.e. React Element), not a constructor. As such we"," * immediately deconstruct out the type property as that is what we want to"," * test."," *"," * NOTE: Testing whether Component.type was an instanceof Route did not work."," *"," * NOTE: This is a fragile test. The React Router API is notorious for"," * introducing breaking changes, so of the RR team changed the manditory path"," * and component props this would fail."," */","var isRoute = exports.isRoute = function isRoute(_ref) {","  var component = _ref.type;","","  return component && component.propTypes.path && component.propTypes.component;","};","","/**"," * If not provided with any React Router Routes we try to render whatever asset"," * was passed to the plugin as a React component. The use case would be anyone"," * who doesn't need/want to add RR as a dependency to their app and instead only"," * wants a single HTML file output."," *"," * NOTE: In the case of a single component we use the static prop 'title' to get"," * the page title. If this is not provided then the title will default to"," * whatever is provided in the template."," */","var renderSingleComponent = exports.renderSingleComponent = function renderSingleComponent(imported, options, render, store) {","  var Component = imported.default || imported;","  var body = void 0;","","  var component = _react2.default.createElement(Component, null);","","  // Wrap the component in a Provider if the user passed us a redux store","  if (store) {","    debug('Store provider. Rendering single component within Provider.');","    try {","      var _require = require('react-redux'),","          Provider = _require.Provider;","","      component = _react2.default.createElement(","        Provider,","        { store: store },","        _react2.default.createElement(Component, null)","      );","","      // Make sure initialState will be provided to the template. Don't mutate","      // options directly","      options = _extends({}, options, { initialState: store.getState() }); // eslint-disable-line no-param-reassign","    } catch (err) {","      err.message = 'Could not require react-redux. Did you forget to install it?\\n' + err.message;","      throw err;","    }","  }","","  try {","    debug('Rendering single component.');","    body = (0, _server.renderToString)(component);","  } catch (err) {","    throw new Error('Invalid single component. Make sure you added your component as the default export from ' + options.routes);","  }","","  var doc = render(_extends({}, options, {","    title: Component.title, // See NOTE","    body: body","  }));","","  return {","    source: function source() {","      return doc;","    },","    size: function size() {","      return doc.length;","    }","  };","};","","/**"," * Only log in prod and dev. I.e. do not log on CI. The reason for logging"," * during prod is that we usually only build our bundles with"," * NODE_ENV=production prefixing the build command."," */","var log = exports.log = function log() {","  if (process.env.NODE_ENV === 'development' || process.env.NODE_ENV === 'production') {","    var _console;","","    (_console = console).log.apply(_console, arguments);","  }","};","","/**"," * Add hash to all options that includes '[hash]' ex: bundle.[hash].js"," * NOTE: Only one hash for all files. So even if the css did not change it will get a new hash if the js changed."," *"," * @param {Options} options"," * @param {string}  hash"," */","","var addHash = exports.addHash = function addHash(options, hash) {","  return Object.keys(options).reduce(function (previous, current) {","    if (!(0, _isString2.default)(options[current])) {","      previous[current] = options[current];","      return previous;","    }","","    previous[current] = options[current] && hash ? options[current].replace('[hash]', hash) : options[current];","    return previous;","  }, {});","};"],"l":{"3":1,"6":1,"8":1,"10":1,"12":1,"14":1,"16":1,"18":1,"20":1,"22":1,"24":1,"26":1,"28":1,"30":1,"32":1,"34":1,"36":1,"38":1,"40":1,"42":1,"44":1,"46":8,"48":1,"50":1,"52":1,"55":1,"56":0,"63":1,"64":0,"73":1,"74":0,"78":0,"80":0,"81":0,"84":0,"85":0,"88":0,"89":0,"90":0,"91":0,"95":0,"98":0,"99":0,"100":0,"101":0,"105":0,"108":0,"114":1,"115":0,"120":0,"121":0,"125":0,"127":0,"128":0,"130":0,"131":0,"134":0,"135":0,"136":0,"145":0,"146":0,"147":0,"149":0,"164":0,"165":0,"168":0,"169":0,"170":0,"173":0,"174":0,"177":0,"178":0,"179":0,"187":0,"189":0,"200":0,"201":0,"203":0,"204":0,"205":0,"208":0,"210":0,"213":0,"214":0,"215":0,"218":0,"222":0,"223":0,"224":0,"227":0,"230":0,"231":0,"234":0,"240":0,"242":0,"243":0,"269":1,"270":0,"272":0,"274":0,"275":0,"278":0,"281":0,"283":0,"284":0,"285":0,"286":0,"289":1,"290":0,"308":1,"309":0,"310":0,"311":0,"313":0,"314":0,"315":0,"316":0,"318":0,"321":0,"323":0,"325":0,"340":1,"341":0,"343":0,"356":1,"357":0,"358":0,"360":0,"363":0,"364":0,"365":0,"366":0,"369":0,"377":0,"379":0,"380":0,"384":0,"385":0,"386":0,"388":0,"391":0,"396":0,"398":0,"401":0,"411":1,"412":0,"413":0,"415":0,"427":1,"428":0,"429":0,"430":0,"431":0,"434":0,"435":0}},"/home/travis/build/npmtest/node-npmtest-react-static-webpack-plugin/node_modules/react-static-webpack-plugin/.eslintrc.js":{"path":"/home/travis/build/npmtest/node-npmtest-react-static-webpack-plugin/node_modules/react-static-webpack-plugin/.eslintrc.js","s":{"1":1},"b":{},"f":{},"fnMap":{},"statementMap":{"1":{"start":{"line":1,"column":0},"end":{"line":8,"column":2}}},"branchMap":{},"code":["module.exports = {","  extends: \"zen\",","  rules: {","    // Inferred types are fine for now. If flow can't infer it it will yell at","    // us.","    'flowtype/require-parameter-type': [0],","  },","};",""],"l":{"1":1}}}